{"/Users/fhadziselimovic/Documents/dev/lazycommit/src/ai/anthropic.ts": {"path":"/Users/fhadziselimovic/Documents/dev/lazycommit/src/ai/anthropic.ts","all":false,"statementMap":{"0":{"start":{"line":1,"column":0},"end":{"line":1,"column":59}},"3":{"start":{"line":4,"column":0},"end":{"line":4,"column":54}},"4":{"start":{"line":5,"column":0},"end":{"line":5,"column":21}},"5":{"start":{"line":6,"column":0},"end":{"line":6,"column":25}},"7":{"start":{"line":8,"column":0},"end":{"line":8,"column":31}},"8":{"start":{"line":9,"column":0},"end":{"line":9,"column":25}},"9":{"start":{"line":10,"column":0},"end":{"line":10,"column":3}},"11":{"start":{"line":12,"column":0},"end":{"line":12,"column":82}},"12":{"start":{"line":13,"column":0},"end":{"line":13,"column":23}},"13":{"start":{"line":14,"column":0},"end":{"line":14,"column":9}},"14":{"start":{"line":15,"column":0},"end":{"line":15,"column":55}},"15":{"start":{"line":16,"column":0},"end":{"line":16,"column":53}},"16":{"start":{"line":17,"column":0},"end":{"line":17,"column":13}},"17":{"start":{"line":18,"column":0},"end":{"line":18,"column":22}},"18":{"start":{"line":19,"column":0},"end":{"line":19,"column":73}},"19":{"start":{"line":20,"column":0},"end":{"line":20,"column":8}},"20":{"start":{"line":21,"column":0},"end":{"line":21,"column":5}},"22":{"start":{"line":23,"column":0},"end":{"line":23,"column":58}},"24":{"start":{"line":25,"column":0},"end":{"line":25,"column":50}},"25":{"start":{"line":26,"column":0},"end":{"line":26,"column":40}},"26":{"start":{"line":27,"column":0},"end":{"line":27,"column":22}},"27":{"start":{"line":28,"column":0},"end":{"line":28,"column":28}},"28":{"start":{"line":29,"column":0},"end":{"line":29,"column":17}},"29":{"start":{"line":30,"column":0},"end":{"line":30,"column":9}},"30":{"start":{"line":31,"column":0},"end":{"line":31,"column":23}},"31":{"start":{"line":32,"column":0},"end":{"line":32,"column":50}},"32":{"start":{"line":33,"column":0},"end":{"line":33,"column":10}},"33":{"start":{"line":34,"column":0},"end":{"line":34,"column":8}},"34":{"start":{"line":35,"column":0},"end":{"line":35,"column":7}},"36":{"start":{"line":37,"column":0},"end":{"line":37,"column":82}},"37":{"start":{"line":38,"column":0},"end":{"line":38,"column":50}},"38":{"start":{"line":39,"column":0},"end":{"line":39,"column":57}},"39":{"start":{"line":40,"column":0},"end":{"line":40,"column":5}},"41":{"start":{"line":42,"column":0},"end":{"line":42,"column":33}},"42":{"start":{"line":43,"column":0},"end":{"line":43,"column":3}},"43":{"start":{"line":44,"column":0},"end":{"line":44,"column":1}}},"s":{"0":1,"3":1,"4":1,"5":2,"7":1,"8":2,"9":2,"11":1,"12":0,"13":0,"14":0,"15":0,"16":0,"17":0,"18":0,"19":0,"20":0,"22":0,"24":0,"25":0,"26":0,"27":0,"28":0,"29":0,"30":0,"31":0,"32":0,"33":0,"34":0,"36":0,"37":0,"38":0,"39":0,"41":0,"42":0,"43":1},"branchMap":{"0":{"type":"branch","line":5,"loc":{"start":{"line":5,"column":2},"end":{"line":6,"column":25}},"locations":[{"start":{"line":5,"column":2},"end":{"line":6,"column":25}}]},"1":{"type":"branch","line":8,"loc":{"start":{"line":8,"column":2},"end":{"line":10,"column":3}},"locations":[{"start":{"line":8,"column":2},"end":{"line":10,"column":3}}]}},"b":{"0":[2],"1":[2]},"fnMap":{"0":{"name":"<instance_members_initializer>","decl":{"start":{"line":5,"column":2},"end":{"line":6,"column":25}},"loc":{"start":{"line":5,"column":2},"end":{"line":6,"column":25}},"line":5},"1":{"name":"AnthropicProvider","decl":{"start":{"line":8,"column":2},"end":{"line":10,"column":3}},"loc":{"start":{"line":8,"column":2},"end":{"line":10,"column":3}},"line":8},"2":{"name":"generateCommitMessage","decl":{"start":{"line":12,"column":2},"end":{"line":43,"column":3}},"loc":{"start":{"line":12,"column":2},"end":{"line":43,"column":3}},"line":12}},"f":{"0":2,"1":2,"2":0}}
,"/Users/fhadziselimovic/Documents/dev/lazycommit/src/ai/openai.ts": {"path":"/Users/fhadziselimovic/Documents/dev/lazycommit/src/ai/openai.ts","all":false,"statementMap":{"0":{"start":{"line":1,"column":0},"end":{"line":1,"column":59}},"3":{"start":{"line":4,"column":0},"end":{"line":4,"column":51}},"4":{"start":{"line":5,"column":0},"end":{"line":5,"column":18}},"5":{"start":{"line":6,"column":0},"end":{"line":6,"column":25}},"7":{"start":{"line":8,"column":0},"end":{"line":8,"column":31}},"8":{"start":{"line":9,"column":0},"end":{"line":9,"column":25}},"9":{"start":{"line":10,"column":0},"end":{"line":10,"column":3}},"11":{"start":{"line":12,"column":0},"end":{"line":12,"column":82}},"12":{"start":{"line":13,"column":0},"end":{"line":13,"column":20}},"13":{"start":{"line":14,"column":0},"end":{"line":14,"column":9}},"14":{"start":{"line":15,"column":0},"end":{"line":15,"column":44}},"15":{"start":{"line":16,"column":0},"end":{"line":16,"column":47}},"16":{"start":{"line":17,"column":0},"end":{"line":17,"column":13}},"17":{"start":{"line":18,"column":0},"end":{"line":18,"column":22}},"18":{"start":{"line":19,"column":0},"end":{"line":19,"column":59}},"19":{"start":{"line":20,"column":0},"end":{"line":20,"column":8}},"20":{"start":{"line":21,"column":0},"end":{"line":21,"column":5}},"22":{"start":{"line":23,"column":0},"end":{"line":23,"column":55}},"24":{"start":{"line":25,"column":0},"end":{"line":25,"column":59}},"25":{"start":{"line":26,"column":0},"end":{"line":26,"column":27}},"26":{"start":{"line":27,"column":0},"end":{"line":27,"column":22}},"27":{"start":{"line":28,"column":0},"end":{"line":28,"column":17}},"28":{"start":{"line":29,"column":0},"end":{"line":29,"column":51}},"29":{"start":{"line":30,"column":0},"end":{"line":30,"column":66}},"30":{"start":{"line":31,"column":0},"end":{"line":31,"column":8}},"31":{"start":{"line":32,"column":0},"end":{"line":32,"column":7}},"33":{"start":{"line":34,"column":0},"end":{"line":34,"column":58}},"34":{"start":{"line":35,"column":0},"end":{"line":35,"column":19}},"35":{"start":{"line":36,"column":0},"end":{"line":36,"column":49}},"36":{"start":{"line":37,"column":0},"end":{"line":37,"column":5}},"38":{"start":{"line":39,"column":0},"end":{"line":39,"column":26}},"39":{"start":{"line":40,"column":0},"end":{"line":40,"column":3}},"40":{"start":{"line":41,"column":0},"end":{"line":41,"column":1}}},"s":{"0":1,"3":1,"4":1,"5":2,"7":1,"8":2,"9":2,"11":1,"12":0,"13":0,"14":0,"15":0,"16":0,"17":0,"18":0,"19":0,"20":0,"22":0,"24":0,"25":0,"26":0,"27":0,"28":0,"29":0,"30":0,"31":0,"33":0,"34":0,"35":0,"36":0,"38":0,"39":0,"40":1},"branchMap":{"0":{"type":"branch","line":5,"loc":{"start":{"line":5,"column":2},"end":{"line":6,"column":25}},"locations":[{"start":{"line":5,"column":2},"end":{"line":6,"column":25}}]},"1":{"type":"branch","line":8,"loc":{"start":{"line":8,"column":2},"end":{"line":10,"column":3}},"locations":[{"start":{"line":8,"column":2},"end":{"line":10,"column":3}}]}},"b":{"0":[2],"1":[2]},"fnMap":{"0":{"name":"<instance_members_initializer>","decl":{"start":{"line":5,"column":2},"end":{"line":6,"column":25}},"loc":{"start":{"line":5,"column":2},"end":{"line":6,"column":25}},"line":5},"1":{"name":"OpenAIProvider","decl":{"start":{"line":8,"column":2},"end":{"line":10,"column":3}},"loc":{"start":{"line":8,"column":2},"end":{"line":10,"column":3}},"line":8},"2":{"name":"generateCommitMessage","decl":{"start":{"line":12,"column":2},"end":{"line":40,"column":3}},"loc":{"start":{"line":12,"column":2},"end":{"line":40,"column":3}},"line":12}},"f":{"0":2,"1":2,"2":0}}
,"/Users/fhadziselimovic/Documents/dev/lazycommit/src/ai/provider.ts": {"path":"/Users/fhadziselimovic/Documents/dev/lazycommit/src/ai/provider.ts","all":false,"statementMap":{"12":{"start":{"line":13,"column":0},"end":{"line":13,"column":178}},"24":{"start":{"line":25,"column":0},"end":{"line":25,"column":75}},"25":{"start":{"line":26,"column":0},"end":{"line":26,"column":50}},"27":{"start":{"line":28,"column":0},"end":{"line":28,"column":42}},"28":{"start":{"line":29,"column":0},"end":{"line":29,"column":50}},"30":{"start":{"line":31,"column":0},"end":{"line":31,"column":68}},"34":{"start":{"line":35,"column":0},"end":{"line":35,"column":22}},"36":{"start":{"line":37,"column":0},"end":{"line":37,"column":1}}},"s":{"12":1,"24":1,"25":0,"27":0,"28":0,"30":0,"34":0,"36":0},"branchMap":{},"b":{},"fnMap":{"0":{"name":"buildUserPrompt","decl":{"start":{"line":25,"column":7},"end":{"line":37,"column":1}},"loc":{"start":{"line":25,"column":7},"end":{"line":37,"column":1}},"line":25}},"f":{"0":0}}
,"/Users/fhadziselimovic/Documents/dev/lazycommit/src/analyzer/body-generator.ts": {"path":"/Users/fhadziselimovic/Documents/dev/lazycommit/src/analyzer/body-generator.ts","all":false,"statementMap":{"8":{"start":{"line":9,"column":0},"end":{"line":9,"column":29}},"9":{"start":{"line":10,"column":0},"end":{"line":10,"column":19}},"10":{"start":{"line":11,"column":0},"end":{"line":11,"column":27}},"11":{"start":{"line":12,"column":0},"end":{"line":12,"column":15}},"12":{"start":{"line":13,"column":0},"end":{"line":13,"column":29}},"15":{"start":{"line":16,"column":0},"end":{"line":16,"column":51}},"17":{"start":{"line":18,"column":0},"end":{"line":18,"column":39}},"18":{"start":{"line":19,"column":0},"end":{"line":19,"column":76}},"19":{"start":{"line":20,"column":0},"end":{"line":20,"column":41}},"20":{"start":{"line":21,"column":0},"end":{"line":21,"column":80}},"21":{"start":{"line":22,"column":0},"end":{"line":22,"column":5}},"22":{"start":{"line":23,"column":0},"end":{"line":23,"column":3}},"24":{"start":{"line":25,"column":0},"end":{"line":25,"column":42}},"25":{"start":{"line":26,"column":0},"end":{"line":26,"column":82}},"26":{"start":{"line":27,"column":0},"end":{"line":27,"column":44}},"27":{"start":{"line":28,"column":0},"end":{"line":28,"column":86}},"28":{"start":{"line":29,"column":0},"end":{"line":29,"column":5}},"29":{"start":{"line":30,"column":0},"end":{"line":30,"column":3}},"31":{"start":{"line":32,"column":0},"end":{"line":32,"column":41}},"32":{"start":{"line":33,"column":0},"end":{"line":33,"column":81}},"33":{"start":{"line":34,"column":0},"end":{"line":34,"column":43}},"34":{"start":{"line":35,"column":0},"end":{"line":35,"column":84}},"35":{"start":{"line":36,"column":0},"end":{"line":36,"column":5}},"36":{"start":{"line":37,"column":0},"end":{"line":37,"column":3}},"39":{"start":{"line":40,"column":0},"end":{"line":40,"column":53}},"41":{"start":{"line":42,"column":0},"end":{"line":42,"column":39}},"43":{"start":{"line":44,"column":0},"end":{"line":44,"column":41}},"44":{"start":{"line":45,"column":0},"end":{"line":45,"column":1}},"46":{"start":{"line":47,"column":0},"end":{"line":47,"column":71}},"47":{"start":{"line":48,"column":0},"end":{"line":48,"column":44}},"48":{"start":{"line":49,"column":0},"end":{"line":49,"column":14}},"49":{"start":{"line":50,"column":0},"end":{"line":50,"column":17}},"50":{"start":{"line":51,"column":0},"end":{"line":51,"column":16}},"51":{"start":{"line":52,"column":0},"end":{"line":52,"column":16}},"52":{"start":{"line":53,"column":0},"end":{"line":53,"column":4}},"54":{"start":{"line":55,"column":0},"end":{"line":55,"column":29}},"55":{"start":{"line":56,"column":0},"end":{"line":56,"column":68}},"56":{"start":{"line":57,"column":0},"end":{"line":57,"column":45}},"57":{"start":{"line":58,"column":0},"end":{"line":58,"column":35}},"58":{"start":{"line":59,"column":0},"end":{"line":59,"column":3}},"60":{"start":{"line":61,"column":0},"end":{"line":61,"column":16}},"61":{"start":{"line":62,"column":0},"end":{"line":62,"column":1}},"63":{"start":{"line":64,"column":0},"end":{"line":64,"column":65}},"64":{"start":{"line":65,"column":0},"end":{"line":65,"column":42}},"66":{"start":{"line":67,"column":0},"end":{"line":67,"column":34}},"67":{"start":{"line":68,"column":0},"end":{"line":68,"column":36}},"69":{"start":{"line":70,"column":0},"end":{"line":70,"column":45}},"70":{"start":{"line":71,"column":0},"end":{"line":71,"column":98}},"71":{"start":{"line":72,"column":0},"end":{"line":72,"column":108}},"72":{"start":{"line":73,"column":0},"end":{"line":73,"column":22}},"73":{"start":{"line":74,"column":0},"end":{"line":74,"column":67}},"74":{"start":{"line":75,"column":0},"end":{"line":75,"column":11}},"75":{"start":{"line":76,"column":0},"end":{"line":76,"column":9}},"76":{"start":{"line":77,"column":0},"end":{"line":77,"column":7}},"79":{"start":{"line":80,"column":0},"end":{"line":80,"column":52}},"80":{"start":{"line":81,"column":0},"end":{"line":81,"column":94}},"81":{"start":{"line":82,"column":0},"end":{"line":82,"column":24}},"82":{"start":{"line":83,"column":0},"end":{"line":83,"column":40}},"84":{"start":{"line":85,"column":0},"end":{"line":85,"column":52}},"85":{"start":{"line":86,"column":0},"end":{"line":86,"column":119}},"86":{"start":{"line":87,"column":0},"end":{"line":87,"column":63}},"87":{"start":{"line":88,"column":0},"end":{"line":88,"column":72}},"88":{"start":{"line":89,"column":0},"end":{"line":89,"column":13}},"89":{"start":{"line":90,"column":0},"end":{"line":90,"column":11}},"90":{"start":{"line":91,"column":0},"end":{"line":91,"column":9}},"91":{"start":{"line":92,"column":0},"end":{"line":92,"column":7}},"94":{"start":{"line":95,"column":0},"end":{"line":95,"column":45}},"95":{"start":{"line":96,"column":0},"end":{"line":96,"column":54}},"96":{"start":{"line":97,"column":0},"end":{"line":97,"column":63}},"97":{"start":{"line":98,"column":0},"end":{"line":98,"column":22}},"98":{"start":{"line":99,"column":0},"end":{"line":99,"column":73}},"99":{"start":{"line":100,"column":0},"end":{"line":100,"column":11}},"100":{"start":{"line":101,"column":0},"end":{"line":101,"column":9}},"101":{"start":{"line":102,"column":0},"end":{"line":102,"column":7}},"102":{"start":{"line":103,"column":0},"end":{"line":103,"column":5}},"103":{"start":{"line":104,"column":0},"end":{"line":104,"column":3}},"105":{"start":{"line":106,"column":0},"end":{"line":106,"column":51}},"107":{"start":{"line":108,"column":0},"end":{"line":108,"column":51}},"108":{"start":{"line":109,"column":0},"end":{"line":109,"column":1}}},"s":{"8":1,"9":5,"10":5,"11":5,"12":5,"15":5,"17":5,"18":1,"19":1,"20":0,"21":0,"22":1,"24":5,"25":4,"26":4,"27":0,"28":0,"29":4,"31":5,"32":0,"33":0,"34":0,"35":0,"36":0,"39":5,"41":5,"43":5,"44":5,"46":5,"47":5,"48":5,"49":5,"50":5,"51":5,"52":5,"54":5,"55":6,"56":6,"57":6,"58":6,"60":5,"61":5,"63":5,"64":5,"66":5,"67":6,"69":3,"70":2,"71":1,"72":1,"73":1,"74":1,"75":1,"76":2,"79":3,"80":2,"81":2,"82":1,"84":1,"85":0,"86":0,"87":0,"88":0,"89":0,"90":1,"91":2,"94":3,"95":2,"96":0,"97":0,"98":0,"99":0,"100":0,"101":2,"102":3,"103":6,"105":5,"107":1,"108":1},"branchMap":{"0":{"type":"branch","line":9,"loc":{"start":{"line":9,"column":7},"end":{"line":45,"column":1}},"locations":[{"start":{"line":9,"column":7},"end":{"line":45,"column":1}}]},"1":{"type":"branch","line":18,"loc":{"start":{"line":18,"column":38},"end":{"line":23,"column":3}},"locations":[{"start":{"line":18,"column":38},"end":{"line":23,"column":3}}]},"2":{"type":"branch","line":20,"loc":{"start":{"line":20,"column":40},"end":{"line":22,"column":5}},"locations":[{"start":{"line":20,"column":40},"end":{"line":22,"column":5}}]},"3":{"type":"branch","line":25,"loc":{"start":{"line":25,"column":41},"end":{"line":30,"column":3}},"locations":[{"start":{"line":25,"column":41},"end":{"line":30,"column":3}}]},"4":{"type":"branch","line":27,"loc":{"start":{"line":27,"column":43},"end":{"line":29,"column":5}},"locations":[{"start":{"line":27,"column":43},"end":{"line":29,"column":5}}]},"5":{"type":"branch","line":32,"loc":{"start":{"line":32,"column":40},"end":{"line":37,"column":3}},"locations":[{"start":{"line":32,"column":40},"end":{"line":37,"column":3}}]},"6":{"type":"branch","line":19,"loc":{"start":{"line":19,"column":54},"end":{"line":19,"column":73}},"locations":[{"start":{"line":19,"column":54},"end":{"line":19,"column":73}}]},"7":{"type":"branch","line":26,"loc":{"start":{"line":26,"column":57},"end":{"line":26,"column":79}},"locations":[{"start":{"line":26,"column":57},"end":{"line":26,"column":79}}]},"8":{"type":"branch","line":47,"loc":{"start":{"line":47,"column":0},"end":{"line":62,"column":1}},"locations":[{"start":{"line":47,"column":0},"end":{"line":62,"column":1}}]},"9":{"type":"branch","line":55,"loc":{"start":{"line":55,"column":28},"end":{"line":59,"column":3}},"locations":[{"start":{"line":55,"column":28},"end":{"line":59,"column":3}}]},"10":{"type":"branch","line":56,"loc":{"start":{"line":56,"column":35},"end":{"line":56,"column":56}},"locations":[{"start":{"line":56,"column":35},"end":{"line":56,"column":56}}]},"11":{"type":"branch","line":57,"loc":{"start":{"line":57,"column":25},"end":{"line":57,"column":45}},"locations":[{"start":{"line":57,"column":25},"end":{"line":57,"column":45}}]},"12":{"type":"branch","line":64,"loc":{"start":{"line":64,"column":0},"end":{"line":109,"column":1}},"locations":[{"start":{"line":64,"column":0},"end":{"line":109,"column":1}}]},"13":{"type":"branch","line":67,"loc":{"start":{"line":67,"column":33},"end":{"line":104,"column":3}},"locations":[{"start":{"line":67,"column":33},"end":{"line":104,"column":3}}]},"14":{"type":"branch","line":68,"loc":{"start":{"line":68,"column":35},"end":{"line":103,"column":5}},"locations":[{"start":{"line":68,"column":35},"end":{"line":103,"column":5}}]},"15":{"type":"branch","line":70,"loc":{"start":{"line":70,"column":44},"end":{"line":77,"column":7}},"locations":[{"start":{"line":70,"column":44},"end":{"line":77,"column":7}}]},"16":{"type":"branch","line":71,"loc":{"start":{"line":71,"column":97},"end":{"line":76,"column":9}},"locations":[{"start":{"line":71,"column":97},"end":{"line":76,"column":9}}]},"17":{"type":"branch","line":80,"loc":{"start":{"line":80,"column":51},"end":{"line":92,"column":7}},"locations":[{"start":{"line":80,"column":51},"end":{"line":92,"column":7}}]},"18":{"type":"branch","line":82,"loc":{"start":{"line":82,"column":23},"end":{"line":91,"column":9}},"locations":[{"start":{"line":82,"column":23},"end":{"line":91,"column":9}}]},"19":{"type":"branch","line":85,"loc":{"start":{"line":85,"column":51},"end":{"line":90,"column":11}},"locations":[{"start":{"line":85,"column":51},"end":{"line":90,"column":11}}]},"20":{"type":"branch","line":95,"loc":{"start":{"line":95,"column":44},"end":{"line":102,"column":7}},"locations":[{"start":{"line":95,"column":44},"end":{"line":102,"column":7}}]},"21":{"type":"branch","line":96,"loc":{"start":{"line":96,"column":53},"end":{"line":101,"column":9}},"locations":[{"start":{"line":96,"column":53},"end":{"line":101,"column":9}}]},"22":{"type":"branch","line":106,"loc":{"start":{"line":106,"column":39},"end":{"line":106,"column":51}},"locations":[{"start":{"line":106,"column":39},"end":{"line":106,"column":51}}]},"23":{"type":"branch","line":106,"loc":{"start":{"line":106,"column":46},"end":{"line":109,"column":1}},"locations":[{"start":{"line":106,"column":46},"end":{"line":109,"column":1}}]}},"b":{"0":[5],"1":[1],"2":[0],"3":[4],"4":[0],"5":[0],"6":[1],"7":[5],"8":[5],"9":[6],"10":[0],"11":[0],"12":[5],"13":[6],"14":[3],"15":[2],"16":[1],"17":[2],"18":[1],"19":[0],"20":[2],"21":[0],"22":[4],"23":[1]},"fnMap":{"0":{"name":"generateBody","decl":{"start":{"line":9,"column":7},"end":{"line":45,"column":1}},"loc":{"start":{"line":9,"column":7},"end":{"line":45,"column":1}},"line":9},"1":{"name":"groupByStatus","decl":{"start":{"line":47,"column":0},"end":{"line":62,"column":1}},"loc":{"start":{"line":47,"column":0},"end":{"line":62,"column":1}},"line":47},"2":{"name":"detectBreakingChanges","decl":{"start":{"line":64,"column":0},"end":{"line":109,"column":1}},"loc":{"start":{"line":64,"column":0},"end":{"line":109,"column":1}},"line":64}},"f":{"0":5,"1":5,"2":5}}
,"/Users/fhadziselimovic/Documents/dev/lazycommit/src/analyzer/rules.ts": {"path":"/Users/fhadziselimovic/Documents/dev/lazycommit/src/analyzer/rules.ts","all":false,"statementMap":{"4":{"start":{"line":5,"column":0},"end":{"line":5,"column":60}},"5":{"start":{"line":6,"column":0},"end":{"line":6,"column":74}},"6":{"start":{"line":7,"column":0},"end":{"line":7,"column":100}},"7":{"start":{"line":8,"column":0},"end":{"line":8,"column":122}},"8":{"start":{"line":9,"column":0},"end":{"line":9,"column":73}},"9":{"start":{"line":10,"column":0},"end":{"line":10,"column":80}},"10":{"start":{"line":11,"column":0},"end":{"line":11,"column":81}},"11":{"start":{"line":12,"column":0},"end":{"line":12,"column":101}},"12":{"start":{"line":13,"column":0},"end":{"line":13,"column":82}},"13":{"start":{"line":14,"column":0},"end":{"line":14,"column":87}},"14":{"start":{"line":15,"column":0},"end":{"line":15,"column":80}},"15":{"start":{"line":16,"column":0},"end":{"line":16,"column":41}},"16":{"start":{"line":17,"column":0},"end":{"line":17,"column":2}},"19":{"start":{"line":20,"column":0},"end":{"line":20,"column":81}},"20":{"start":{"line":21,"column":0},"end":{"line":21,"column":72}},"21":{"start":{"line":22,"column":0},"end":{"line":22,"column":43}},"22":{"start":{"line":23,"column":0},"end":{"line":23,"column":52}},"23":{"start":{"line":24,"column":0},"end":{"line":24,"column":39}},"24":{"start":{"line":25,"column":0},"end":{"line":25,"column":39}},"25":{"start":{"line":26,"column":0},"end":{"line":26,"column":40}},"26":{"start":{"line":27,"column":0},"end":{"line":27,"column":42}},"27":{"start":{"line":28,"column":0},"end":{"line":28,"column":62}},"28":{"start":{"line":29,"column":0},"end":{"line":29,"column":42}},"29":{"start":{"line":30,"column":0},"end":{"line":30,"column":42}},"30":{"start":{"line":31,"column":0},"end":{"line":31,"column":43}},"31":{"start":{"line":32,"column":0},"end":{"line":32,"column":93}},"32":{"start":{"line":33,"column":0},"end":{"line":33,"column":53}},"33":{"start":{"line":34,"column":0},"end":{"line":34,"column":45}},"34":{"start":{"line":35,"column":0},"end":{"line":35,"column":50}},"35":{"start":{"line":36,"column":0},"end":{"line":36,"column":61}},"36":{"start":{"line":37,"column":0},"end":{"line":37,"column":76}},"37":{"start":{"line":38,"column":0},"end":{"line":38,"column":44}},"38":{"start":{"line":39,"column":0},"end":{"line":39,"column":48}},"39":{"start":{"line":40,"column":0},"end":{"line":40,"column":2}},"42":{"start":{"line":43,"column":0},"end":{"line":43,"column":74}},"43":{"start":{"line":44,"column":0},"end":{"line":44,"column":43}},"44":{"start":{"line":45,"column":0},"end":{"line":45,"column":49}},"45":{"start":{"line":46,"column":0},"end":{"line":46,"column":47}},"46":{"start":{"line":47,"column":0},"end":{"line":47,"column":47}},"47":{"start":{"line":48,"column":0},"end":{"line":48,"column":47}},"48":{"start":{"line":49,"column":0},"end":{"line":49,"column":43}},"49":{"start":{"line":50,"column":0},"end":{"line":50,"column":53}},"50":{"start":{"line":51,"column":0},"end":{"line":51,"column":57}},"51":{"start":{"line":52,"column":0},"end":{"line":52,"column":49}},"52":{"start":{"line":53,"column":0},"end":{"line":53,"column":49}},"53":{"start":{"line":54,"column":0},"end":{"line":54,"column":59}},"54":{"start":{"line":55,"column":0},"end":{"line":55,"column":47}},"55":{"start":{"line":56,"column":0},"end":{"line":56,"column":47}},"56":{"start":{"line":57,"column":0},"end":{"line":57,"column":49}},"57":{"start":{"line":58,"column":0},"end":{"line":58,"column":47}},"58":{"start":{"line":59,"column":0},"end":{"line":59,"column":49}},"59":{"start":{"line":60,"column":0},"end":{"line":60,"column":47}},"60":{"start":{"line":61,"column":0},"end":{"line":61,"column":45}},"61":{"start":{"line":62,"column":0},"end":{"line":62,"column":43}},"62":{"start":{"line":63,"column":0},"end":{"line":63,"column":38}},"63":{"start":{"line":64,"column":0},"end":{"line":64,"column":2}},"66":{"start":{"line":67,"column":0},"end":{"line":67,"column":53}},"67":{"start":{"line":68,"column":0},"end":{"line":68,"column":13}},"68":{"start":{"line":69,"column":0},"end":{"line":69,"column":15}},"69":{"start":{"line":70,"column":0},"end":{"line":70,"column":16}},"70":{"start":{"line":71,"column":0},"end":{"line":71,"column":16}},"71":{"start":{"line":72,"column":0},"end":{"line":72,"column":17}},"72":{"start":{"line":73,"column":0},"end":{"line":73,"column":13}},"73":{"start":{"line":74,"column":0},"end":{"line":74,"column":25}},"74":{"start":{"line":75,"column":0},"end":{"line":75,"column":27}},"75":{"start":{"line":76,"column":0},"end":{"line":76,"column":19}},"76":{"start":{"line":77,"column":0},"end":{"line":77,"column":20}},"77":{"start":{"line":78,"column":0},"end":{"line":78,"column":19}},"78":{"start":{"line":79,"column":0},"end":{"line":79,"column":20}},"79":{"start":{"line":80,"column":0},"end":{"line":80,"column":19}},"80":{"start":{"line":81,"column":0},"end":{"line":81,"column":20}},"81":{"start":{"line":82,"column":0},"end":{"line":82,"column":19}},"82":{"start":{"line":83,"column":0},"end":{"line":83,"column":20}},"83":{"start":{"line":84,"column":0},"end":{"line":84,"column":19}},"84":{"start":{"line":85,"column":0},"end":{"line":85,"column":21}},"85":{"start":{"line":86,"column":0},"end":{"line":86,"column":13}},"86":{"start":{"line":87,"column":0},"end":{"line":87,"column":15}},"87":{"start":{"line":88,"column":0},"end":{"line":88,"column":19}},"88":{"start":{"line":89,"column":0},"end":{"line":89,"column":20}},"89":{"start":{"line":90,"column":0},"end":{"line":90,"column":21}},"90":{"start":{"line":91,"column":0},"end":{"line":91,"column":22}},"91":{"start":{"line":92,"column":0},"end":{"line":92,"column":23}},"92":{"start":{"line":93,"column":0},"end":{"line":93,"column":25}},"93":{"start":{"line":94,"column":0},"end":{"line":94,"column":19}},"94":{"start":{"line":95,"column":0},"end":{"line":95,"column":20}},"95":{"start":{"line":96,"column":0},"end":{"line":96,"column":15}},"96":{"start":{"line":97,"column":0},"end":{"line":97,"column":16}},"97":{"start":{"line":98,"column":0},"end":{"line":98,"column":21}},"98":{"start":{"line":99,"column":0},"end":{"line":99,"column":22}},"99":{"start":{"line":100,"column":0},"end":{"line":100,"column":23}},"100":{"start":{"line":101,"column":0},"end":{"line":101,"column":25}},"101":{"start":{"line":102,"column":0},"end":{"line":102,"column":23}},"102":{"start":{"line":103,"column":0},"end":{"line":103,"column":24}},"103":{"start":{"line":104,"column":0},"end":{"line":104,"column":25}},"104":{"start":{"line":105,"column":0},"end":{"line":105,"column":26}},"105":{"start":{"line":106,"column":0},"end":{"line":106,"column":25}},"106":{"start":{"line":107,"column":0},"end":{"line":107,"column":26}},"107":{"start":{"line":108,"column":0},"end":{"line":108,"column":19}},"108":{"start":{"line":109,"column":0},"end":{"line":109,"column":20}},"109":{"start":{"line":110,"column":0},"end":{"line":110,"column":21}},"110":{"start":{"line":111,"column":0},"end":{"line":111,"column":22}},"111":{"start":{"line":112,"column":0},"end":{"line":112,"column":21}},"112":{"start":{"line":113,"column":0},"end":{"line":113,"column":22}},"113":{"start":{"line":114,"column":0},"end":{"line":114,"column":21}},"114":{"start":{"line":115,"column":0},"end":{"line":115,"column":22}},"115":{"start":{"line":116,"column":0},"end":{"line":116,"column":25}},"116":{"start":{"line":117,"column":0},"end":{"line":117,"column":26}},"117":{"start":{"line":118,"column":0},"end":{"line":118,"column":2}}},"s":{"4":1,"5":1,"6":1,"7":1,"8":1,"9":1,"10":1,"11":1,"12":1,"13":1,"14":1,"15":1,"16":1,"19":1,"20":1,"21":1,"22":1,"23":1,"24":1,"25":1,"26":1,"27":1,"28":1,"29":1,"30":1,"31":1,"32":1,"33":1,"34":1,"35":1,"36":1,"37":1,"38":1,"39":1,"42":1,"43":1,"44":1,"45":1,"46":1,"47":1,"48":1,"49":1,"50":1,"51":1,"52":1,"53":1,"54":1,"55":1,"56":1,"57":1,"58":1,"59":1,"60":1,"61":1,"62":1,"63":1,"66":1,"67":1,"68":1,"69":1,"70":1,"71":1,"72":1,"73":1,"74":1,"75":1,"76":1,"77":1,"78":1,"79":1,"80":1,"81":1,"82":1,"83":1,"84":1,"85":1,"86":1,"87":1,"88":1,"89":1,"90":1,"91":1,"92":1,"93":1,"94":1,"95":1,"96":1,"97":1,"98":1,"99":1,"100":1,"101":1,"102":1,"103":1,"104":1,"105":1,"106":1,"107":1,"108":1,"109":1,"110":1,"111":1,"112":1,"113":1,"114":1,"115":1,"116":1,"117":1},"branchMap":{},"b":{},"fnMap":{},"f":{}}
,"/Users/fhadziselimovic/Documents/dev/lazycommit/src/analyzer/scope-detector.ts": {"path":"/Users/fhadziselimovic/Documents/dev/lazycommit/src/analyzer/scope-detector.ts","all":false,"statementMap":{"0":{"start":{"line":1,"column":0},"end":{"line":1,"column":50}},"4":{"start":{"line":5,"column":0},"end":{"line":5,"column":28}},"5":{"start":{"line":6,"column":0},"end":{"line":6,"column":28}},"6":{"start":{"line":7,"column":0},"end":{"line":7,"column":27}},"7":{"start":{"line":8,"column":0},"end":{"line":8,"column":18}},"8":{"start":{"line":9,"column":0},"end":{"line":9,"column":51}},"10":{"start":{"line":11,"column":0},"end":{"line":11,"column":42}},"13":{"start":{"line":14,"column":0},"end":{"line":14,"column":30}},"14":{"start":{"line":15,"column":0},"end":{"line":15,"column":75}},"15":{"start":{"line":16,"column":0},"end":{"line":16,"column":40}},"16":{"start":{"line":17,"column":0},"end":{"line":17,"column":3}},"19":{"start":{"line":20,"column":0},"end":{"line":20,"column":34}},"20":{"start":{"line":21,"column":0},"end":{"line":21,"column":39}},"21":{"start":{"line":22,"column":0},"end":{"line":22,"column":44}},"23":{"start":{"line":24,"column":0},"end":{"line":24,"column":36}},"25":{"start":{"line":26,"column":0},"end":{"line":26,"column":45}},"26":{"start":{"line":27,"column":0},"end":{"line":27,"column":3}},"29":{"start":{"line":30,"column":0},"end":{"line":30,"column":39}},"30":{"start":{"line":31,"column":0},"end":{"line":31,"column":1}},"32":{"start":{"line":33,"column":0},"end":{"line":33,"column":61}},"33":{"start":{"line":34,"column":0},"end":{"line":34,"column":52}},"34":{"start":{"line":35,"column":0},"end":{"line":35,"column":33}},"35":{"start":{"line":36,"column":0},"end":{"line":36,"column":19}},"36":{"start":{"line":37,"column":0},"end":{"line":37,"column":5}},"37":{"start":{"line":38,"column":0},"end":{"line":38,"column":3}},"38":{"start":{"line":39,"column":0},"end":{"line":39,"column":14}},"39":{"start":{"line":40,"column":0},"end":{"line":40,"column":1}},"41":{"start":{"line":42,"column":0},"end":{"line":42,"column":27}},"42":{"start":{"line":43,"column":0},"end":{"line":43,"column":22}},"43":{"start":{"line":44,"column":0},"end":{"line":44,"column":34}},"44":{"start":{"line":45,"column":0},"end":{"line":45,"column":18}},"45":{"start":{"line":46,"column":0},"end":{"line":46,"column":30}},"47":{"start":{"line":48,"column":0},"end":{"line":48,"column":37}},"48":{"start":{"line":49,"column":0},"end":{"line":49,"column":62}},"49":{"start":{"line":50,"column":0},"end":{"line":50,"column":47}},"50":{"start":{"line":51,"column":0},"end":{"line":51,"column":27}},"51":{"start":{"line":52,"column":0},"end":{"line":52,"column":14}},"52":{"start":{"line":53,"column":0},"end":{"line":53,"column":7}},"53":{"start":{"line":54,"column":0},"end":{"line":54,"column":5}},"54":{"start":{"line":55,"column":0},"end":{"line":55,"column":3}},"56":{"start":{"line":57,"column":0},"end":{"line":57,"column":58}},"57":{"start":{"line":58,"column":0},"end":{"line":58,"column":1}},"59":{"start":{"line":60,"column":0},"end":{"line":60,"column":69}},"60":{"start":{"line":61,"column":0},"end":{"line":61,"column":42}},"63":{"start":{"line":64,"column":0},"end":{"line":64,"column":24}},"64":{"start":{"line":65,"column":0},"end":{"line":65,"column":18}},"65":{"start":{"line":66,"column":0},"end":{"line":66,"column":34}},"67":{"start":{"line":68,"column":0},"end":{"line":68,"column":51}},"68":{"start":{"line":69,"column":0},"end":{"line":69,"column":24}},"69":{"start":{"line":70,"column":0},"end":{"line":70,"column":7}},"70":{"start":{"line":71,"column":0},"end":{"line":71,"column":29}},"71":{"start":{"line":72,"column":0},"end":{"line":72,"column":24}},"72":{"start":{"line":73,"column":0},"end":{"line":73,"column":7}},"73":{"start":{"line":74,"column":0},"end":{"line":74,"column":18}},"74":{"start":{"line":75,"column":0},"end":{"line":75,"column":6}},"75":{"start":{"line":76,"column":0},"end":{"line":76,"column":44}},"77":{"start":{"line":78,"column":0},"end":{"line":78,"column":37}},"79":{"start":{"line":80,"column":0},"end":{"line":80,"column":37}},"82":{"start":{"line":83,"column":0},"end":{"line":83,"column":56}},"83":{"start":{"line":84,"column":0},"end":{"line":84,"column":40}},"84":{"start":{"line":85,"column":0},"end":{"line":85,"column":18}},"85":{"start":{"line":86,"column":0},"end":{"line":86,"column":3}},"87":{"start":{"line":88,"column":0},"end":{"line":88,"column":14}},"88":{"start":{"line":89,"column":0},"end":{"line":89,"column":1}},"90":{"start":{"line":91,"column":0},"end":{"line":91,"column":49}},"91":{"start":{"line":92,"column":0},"end":{"line":92,"column":44}},"92":{"start":{"line":93,"column":0},"end":{"line":93,"column":29}},"93":{"start":{"line":94,"column":0},"end":{"line":94,"column":43}},"94":{"start":{"line":95,"column":0},"end":{"line":95,"column":3}},"96":{"start":{"line":97,"column":0},"end":{"line":97,"column":19}},"97":{"start":{"line":98,"column":0},"end":{"line":98,"column":28}},"99":{"start":{"line":100,"column":0},"end":{"line":100,"column":55}},"100":{"start":{"line":101,"column":0},"end":{"line":101,"column":27}},"101":{"start":{"line":102,"column":0},"end":{"line":102,"column":23}},"102":{"start":{"line":103,"column":0},"end":{"line":103,"column":24}},"103":{"start":{"line":104,"column":0},"end":{"line":104,"column":5}},"104":{"start":{"line":105,"column":0},"end":{"line":105,"column":3}},"106":{"start":{"line":107,"column":0},"end":{"line":107,"column":20}},"107":{"start":{"line":108,"column":0},"end":{"line":108,"column":1}}},"s":{"0":1,"4":1,"5":7,"6":7,"7":7,"8":7,"10":7,"13":7,"14":1,"15":1,"16":1,"19":6,"20":6,"21":6,"23":7,"25":2,"26":2,"29":4,"30":4,"32":8,"33":8,"34":48,"35":6,"36":6,"37":48,"38":2,"39":2,"41":1,"42":1,"43":1,"44":1,"45":1,"47":1,"48":1,"49":1,"50":1,"51":1,"52":1,"53":1,"54":1,"56":1,"57":1,"59":2,"60":2,"63":2,"64":2,"65":2,"67":2,"68":1,"69":1,"70":2,"71":0,"72":0,"73":1,"74":2,"75":2,"77":2,"79":1,"82":1,"83":1,"84":1,"85":1,"87":0,"88":0,"90":6,"91":6,"92":6,"93":8,"94":8,"96":6,"97":6,"99":6,"100":7,"101":6,"102":6,"103":6,"104":7,"106":6,"107":6},"branchMap":{"0":{"type":"branch","line":5,"loc":{"start":{"line":5,"column":7},"end":{"line":31,"column":1}},"locations":[{"start":{"line":5,"column":7},"end":{"line":31,"column":1}}]},"1":{"type":"branch","line":11,"loc":{"start":{"line":11,"column":30},"end":{"line":11,"column":42}},"locations":[{"start":{"line":11,"column":30},"end":{"line":11,"column":42}}]},"2":{"type":"branch","line":14,"loc":{"start":{"line":14,"column":6},"end":{"line":14,"column":29}},"locations":[{"start":{"line":14,"column":6},"end":{"line":14,"column":29}}]},"3":{"type":"branch","line":14,"loc":{"start":{"line":14,"column":29},"end":{"line":17,"column":3}},"locations":[{"start":{"line":14,"column":29},"end":{"line":17,"column":3}}]},"4":{"type":"branch","line":17,"loc":{"start":{"line":17,"column":2},"end":{"line":24,"column":35}},"locations":[{"start":{"line":17,"column":2},"end":{"line":24,"column":35}}]},"5":{"type":"branch","line":24,"loc":{"start":{"line":24,"column":35},"end":{"line":27,"column":3}},"locations":[{"start":{"line":24,"column":35},"end":{"line":27,"column":3}}]},"6":{"type":"branch","line":27,"loc":{"start":{"line":27,"column":2},"end":{"line":31,"column":1}},"locations":[{"start":{"line":27,"column":2},"end":{"line":31,"column":1}}]},"7":{"type":"branch","line":9,"loc":{"start":{"line":9,"column":36},"end":{"line":9,"column":49}},"locations":[{"start":{"line":9,"column":36},"end":{"line":9,"column":49}}]},"8":{"type":"branch","line":21,"loc":{"start":{"line":21,"column":9},"end":{"line":21,"column":38}},"locations":[{"start":{"line":21,"column":9},"end":{"line":21,"column":38}}]},"9":{"type":"branch","line":22,"loc":{"start":{"line":22,"column":12},"end":{"line":22,"column":42}},"locations":[{"start":{"line":22,"column":12},"end":{"line":22,"column":42}}]},"10":{"type":"branch","line":33,"loc":{"start":{"line":33,"column":0},"end":{"line":40,"column":1}},"locations":[{"start":{"line":33,"column":0},"end":{"line":40,"column":1}}]},"11":{"type":"branch","line":34,"loc":{"start":{"line":34,"column":51},"end":{"line":38,"column":3}},"locations":[{"start":{"line":34,"column":51},"end":{"line":38,"column":3}}]},"12":{"type":"branch","line":35,"loc":{"start":{"line":35,"column":32},"end":{"line":37,"column":5}},"locations":[{"start":{"line":35,"column":32},"end":{"line":37,"column":5}}]},"13":{"type":"branch","line":38,"loc":{"start":{"line":38,"column":2},"end":{"line":40,"column":1}},"locations":[{"start":{"line":38,"column":2},"end":{"line":40,"column":1}}]},"14":{"type":"branch","line":42,"loc":{"start":{"line":42,"column":0},"end":{"line":58,"column":1}},"locations":[{"start":{"line":42,"column":0},"end":{"line":58,"column":1}}]},"15":{"type":"branch","line":57,"loc":{"start":{"line":57,"column":49},"end":{"line":57,"column":58}},"locations":[{"start":{"line":57,"column":49},"end":{"line":57,"column":58}}]},"16":{"type":"branch","line":60,"loc":{"start":{"line":60,"column":0},"end":{"line":89,"column":1}},"locations":[{"start":{"line":60,"column":0},"end":{"line":89,"column":1}}]},"17":{"type":"branch","line":61,"loc":{"start":{"line":61,"column":30},"end":{"line":61,"column":42}},"locations":[{"start":{"line":61,"column":30},"end":{"line":61,"column":42}}]},"18":{"type":"branch","line":78,"loc":{"start":{"line":78,"column":25},"end":{"line":86,"column":3}},"locations":[{"start":{"line":78,"column":25},"end":{"line":86,"column":3}}]},"19":{"type":"branch","line":86,"loc":{"start":{"line":86,"column":2},"end":{"line":89,"column":1}},"locations":[{"start":{"line":86,"column":2},"end":{"line":89,"column":1}}]},"20":{"type":"branch","line":65,"loc":{"start":{"line":65,"column":9},"end":{"line":75,"column":5}},"locations":[{"start":{"line":65,"column":9},"end":{"line":75,"column":5}}]},"21":{"type":"branch","line":68,"loc":{"start":{"line":68,"column":23},"end":{"line":68,"column":50}},"locations":[{"start":{"line":68,"column":23},"end":{"line":68,"column":50}}]},"22":{"type":"branch","line":68,"loc":{"start":{"line":68,"column":50},"end":{"line":71,"column":28}},"locations":[{"start":{"line":68,"column":50},"end":{"line":71,"column":28}}]},"23":{"type":"branch","line":71,"loc":{"start":{"line":71,"column":28},"end":{"line":73,"column":7}},"locations":[{"start":{"line":71,"column":28},"end":{"line":73,"column":7}}]},"24":{"type":"branch","line":73,"loc":{"start":{"line":73,"column":6},"end":{"line":74,"column":18}},"locations":[{"start":{"line":73,"column":6},"end":{"line":74,"column":18}}]},"25":{"type":"branch","line":76,"loc":{"start":{"line":76,"column":12},"end":{"line":76,"column":42}},"locations":[{"start":{"line":76,"column":12},"end":{"line":76,"column":42}}]},"26":{"type":"branch","line":83,"loc":{"start":{"line":83,"column":28},"end":{"line":83,"column":47}},"locations":[{"start":{"line":83,"column":28},"end":{"line":83,"column":47}}]},"27":{"type":"branch","line":91,"loc":{"start":{"line":91,"column":0},"end":{"line":108,"column":1}},"locations":[{"start":{"line":91,"column":0},"end":{"line":108,"column":1}}]},"28":{"type":"branch","line":93,"loc":{"start":{"line":93,"column":28},"end":{"line":95,"column":3}},"locations":[{"start":{"line":93,"column":28},"end":{"line":95,"column":3}}]},"29":{"type":"branch","line":94,"loc":{"start":{"line":94,"column":31},"end":{"line":94,"column":41}},"locations":[{"start":{"line":94,"column":31},"end":{"line":94,"column":41}}]},"30":{"type":"branch","line":100,"loc":{"start":{"line":100,"column":54},"end":{"line":105,"column":3}},"locations":[{"start":{"line":100,"column":54},"end":{"line":105,"column":3}}]},"31":{"type":"branch","line":101,"loc":{"start":{"line":101,"column":26},"end":{"line":104,"column":5}},"locations":[{"start":{"line":101,"column":26},"end":{"line":104,"column":5}}]}},"b":{"0":[7],"1":[0],"2":[1],"3":[1],"4":[6],"5":[2],"6":[4],"7":[9],"8":[8],"9":[8],"10":[8],"11":[48],"12":[6],"13":[2],"14":[1],"15":[0],"16":[2],"17":[0],"18":[1],"19":[0],"20":[2],"21":[1],"22":[1],"23":[0],"24":[1],"25":[2],"26":[1],"27":[6],"28":[8],"29":[7],"30":[7],"31":[6]},"fnMap":{"0":{"name":"detectScope","decl":{"start":{"line":5,"column":7},"end":{"line":31,"column":1}},"loc":{"start":{"line":5,"column":7},"end":{"line":31,"column":1}},"line":5},"1":{"name":"matchBuiltInScope","decl":{"start":{"line":33,"column":0},"end":{"line":40,"column":1}},"loc":{"start":{"line":33,"column":0},"end":{"line":40,"column":1}},"line":33},"2":{"name":"matchCustomScopes","decl":{"start":{"line":42,"column":0},"end":{"line":58,"column":1}},"loc":{"start":{"line":42,"column":0},"end":{"line":58,"column":1}},"line":42},"3":{"name":"extractCommonDirectory","decl":{"start":{"line":60,"column":0},"end":{"line":89,"column":1}},"loc":{"start":{"line":60,"column":0},"end":{"line":89,"column":1}},"line":60},"4":{"name":"getMostCommon","decl":{"start":{"line":91,"column":0},"end":{"line":108,"column":1}},"loc":{"start":{"line":91,"column":0},"end":{"line":108,"column":1}},"line":91}},"f":{"0":7,"1":8,"2":1,"3":2,"4":6}}
,"/Users/fhadziselimovic/Documents/dev/lazycommit/src/analyzer/subject-generator.ts": {"path":"/Users/fhadziselimovic/Documents/dev/lazycommit/src/analyzer/subject-generator.ts","all":false,"statementMap":{"0":{"start":{"line":1,"column":0},"end":{"line":1,"column":49}},"5":{"start":{"line":6,"column":0},"end":{"line":6,"column":32}},"6":{"start":{"line":7,"column":0},"end":{"line":7,"column":19}},"7":{"start":{"line":8,"column":0},"end":{"line":8,"column":19}},"8":{"start":{"line":9,"column":0},"end":{"line":9,"column":28}},"9":{"start":{"line":10,"column":0},"end":{"line":10,"column":24}},"10":{"start":{"line":11,"column":0},"end":{"line":11,"column":11}},"11":{"start":{"line":12,"column":0},"end":{"line":12,"column":51}},"14":{"start":{"line":15,"column":0},"end":{"line":15,"column":56}},"15":{"start":{"line":16,"column":0},"end":{"line":16,"column":21}},"16":{"start":{"line":17,"column":0},"end":{"line":17,"column":38}},"17":{"start":{"line":18,"column":0},"end":{"line":18,"column":58}},"18":{"start":{"line":19,"column":0},"end":{"line":19,"column":3}},"21":{"start":{"line":22,"column":0},"end":{"line":22,"column":31}},"22":{"start":{"line":23,"column":0},"end":{"line":23,"column":93}},"23":{"start":{"line":24,"column":0},"end":{"line":24,"column":3}},"26":{"start":{"line":27,"column":0},"end":{"line":27,"column":55}},"27":{"start":{"line":28,"column":0},"end":{"line":28,"column":66}},"28":{"start":{"line":29,"column":0},"end":{"line":29,"column":3}},"30":{"start":{"line":31,"column":0},"end":{"line":31,"column":57}},"31":{"start":{"line":32,"column":0},"end":{"line":32,"column":73}},"32":{"start":{"line":33,"column":0},"end":{"line":33,"column":3}},"35":{"start":{"line":36,"column":0},"end":{"line":36,"column":45}},"36":{"start":{"line":37,"column":0},"end":{"line":37,"column":15}},"37":{"start":{"line":38,"column":0},"end":{"line":38,"column":39}},"38":{"start":{"line":39,"column":0},"end":{"line":39,"column":3}},"41":{"start":{"line":42,"column":0},"end":{"line":42,"column":59}},"42":{"start":{"line":43,"column":0},"end":{"line":43,"column":1}},"44":{"start":{"line":45,"column":0},"end":{"line":45,"column":70}},"45":{"start":{"line":46,"column":0},"end":{"line":46,"column":34}},"46":{"start":{"line":47,"column":0},"end":{"line":47,"column":36}},"48":{"start":{"line":49,"column":0},"end":{"line":49,"column":24}},"49":{"start":{"line":50,"column":0},"end":{"line":50,"column":99}},"50":{"start":{"line":51,"column":0},"end":{"line":51,"column":43}},"51":{"start":{"line":52,"column":0},"end":{"line":52,"column":7}},"54":{"start":{"line":55,"column":0},"end":{"line":55,"column":43}},"55":{"start":{"line":56,"column":0},"end":{"line":56,"column":26}},"56":{"start":{"line":57,"column":0},"end":{"line":57,"column":56}},"57":{"start":{"line":58,"column":0},"end":{"line":58,"column":74}},"58":{"start":{"line":59,"column":0},"end":{"line":59,"column":40}},"59":{"start":{"line":60,"column":0},"end":{"line":60,"column":29}},"60":{"start":{"line":61,"column":0},"end":{"line":61,"column":28}},"61":{"start":{"line":62,"column":0},"end":{"line":62,"column":30}},"62":{"start":{"line":63,"column":0},"end":{"line":63,"column":29}},"63":{"start":{"line":64,"column":0},"end":{"line":64,"column":10}},"65":{"start":{"line":66,"column":0},"end":{"line":66,"column":41}},"66":{"start":{"line":67,"column":0},"end":{"line":67,"column":44}},"67":{"start":{"line":68,"column":0},"end":{"line":68,"column":37}},"68":{"start":{"line":69,"column":0},"end":{"line":69,"column":9}},"69":{"start":{"line":70,"column":0},"end":{"line":70,"column":7}},"70":{"start":{"line":71,"column":0},"end":{"line":71,"column":5}},"71":{"start":{"line":72,"column":0},"end":{"line":72,"column":3}},"73":{"start":{"line":74,"column":0},"end":{"line":74,"column":14}},"74":{"start":{"line":75,"column":0},"end":{"line":75,"column":1}},"76":{"start":{"line":77,"column":0},"end":{"line":77,"column":28}},"77":{"start":{"line":78,"column":0},"end":{"line":78,"column":19}},"78":{"start":{"line":79,"column":0},"end":{"line":79,"column":19}},"79":{"start":{"line":80,"column":0},"end":{"line":80,"column":19}},"80":{"start":{"line":81,"column":0},"end":{"line":81,"column":19}},"81":{"start":{"line":82,"column":0},"end":{"line":82,"column":11}},"82":{"start":{"line":83,"column":0},"end":{"line":83,"column":45}},"83":{"start":{"line":84,"column":0},"end":{"line":84,"column":36}},"85":{"start":{"line":86,"column":0},"end":{"line":86,"column":24}},"86":{"start":{"line":87,"column":0},"end":{"line":87,"column":17}},"87":{"start":{"line":88,"column":0},"end":{"line":88,"column":31}},"88":{"start":{"line":89,"column":0},"end":{"line":89,"column":19}},"89":{"start":{"line":90,"column":0},"end":{"line":90,"column":34}},"90":{"start":{"line":91,"column":0},"end":{"line":91,"column":19}},"91":{"start":{"line":92,"column":0},"end":{"line":92,"column":90}},"92":{"start":{"line":93,"column":0},"end":{"line":93,"column":12}},"93":{"start":{"line":94,"column":0},"end":{"line":94,"column":35}},"94":{"start":{"line":95,"column":0},"end":{"line":95,"column":3}},"95":{"start":{"line":96,"column":0},"end":{"line":96,"column":1}},"97":{"start":{"line":98,"column":0},"end":{"line":98,"column":75}},"98":{"start":{"line":99,"column":0},"end":{"line":99,"column":31}},"99":{"start":{"line":100,"column":0},"end":{"line":100,"column":50}},"100":{"start":{"line":101,"column":0},"end":{"line":101,"column":3}},"103":{"start":{"line":104,"column":0},"end":{"line":104,"column":50}},"104":{"start":{"line":105,"column":0},"end":{"line":105,"column":18}},"105":{"start":{"line":106,"column":0},"end":{"line":106,"column":36}},"106":{"start":{"line":107,"column":0},"end":{"line":107,"column":3}},"108":{"start":{"line":109,"column":0},"end":{"line":109,"column":45}},"109":{"start":{"line":110,"column":0},"end":{"line":110,"column":1}},"111":{"start":{"line":112,"column":0},"end":{"line":112,"column":57}},"112":{"start":{"line":113,"column":0},"end":{"line":113,"column":31}},"113":{"start":{"line":114,"column":0},"end":{"line":114,"column":53}},"114":{"start":{"line":115,"column":0},"end":{"line":115,"column":3}},"116":{"start":{"line":117,"column":0},"end":{"line":117,"column":30}},"117":{"start":{"line":118,"column":0},"end":{"line":118,"column":49}},"118":{"start":{"line":119,"column":0},"end":{"line":119,"column":40}},"119":{"start":{"line":120,"column":0},"end":{"line":120,"column":3}},"121":{"start":{"line":122,"column":0},"end":{"line":122,"column":50}},"122":{"start":{"line":123,"column":0},"end":{"line":123,"column":18}},"123":{"start":{"line":124,"column":0},"end":{"line":124,"column":39}},"124":{"start":{"line":125,"column":0},"end":{"line":125,"column":3}},"126":{"start":{"line":127,"column":0},"end":{"line":127,"column":44}},"127":{"start":{"line":128,"column":0},"end":{"line":128,"column":1}},"129":{"start":{"line":130,"column":0},"end":{"line":130,"column":65}},"130":{"start":{"line":131,"column":0},"end":{"line":131,"column":33}},"131":{"start":{"line":132,"column":0},"end":{"line":132,"column":57}},"132":{"start":{"line":133,"column":0},"end":{"line":133,"column":14}},"133":{"start":{"line":134,"column":0},"end":{"line":134,"column":19}},"136":{"start":{"line":137,"column":0},"end":{"line":137,"column":63}},"137":{"start":{"line":138,"column":0},"end":{"line":138,"column":41}},"139":{"start":{"line":140,"column":0},"end":{"line":140,"column":60}},"140":{"start":{"line":141,"column":0},"end":{"line":141,"column":46}},"141":{"start":{"line":142,"column":0},"end":{"line":142,"column":18}},"142":{"start":{"line":143,"column":0},"end":{"line":143,"column":37}},"143":{"start":{"line":144,"column":0},"end":{"line":144,"column":7}},"144":{"start":{"line":145,"column":0},"end":{"line":145,"column":5}},"145":{"start":{"line":146,"column":0},"end":{"line":146,"column":3}},"147":{"start":{"line":148,"column":0},"end":{"line":148,"column":14}},"148":{"start":{"line":149,"column":0},"end":{"line":149,"column":1}},"150":{"start":{"line":151,"column":0},"end":{"line":151,"column":51}},"151":{"start":{"line":152,"column":0},"end":{"line":152,"column":17}},"152":{"start":{"line":153,"column":0},"end":{"line":153,"column":30}},"153":{"start":{"line":154,"column":0},"end":{"line":154,"column":29}},"154":{"start":{"line":155,"column":0},"end":{"line":155,"column":39}},"155":{"start":{"line":156,"column":0},"end":{"line":156,"column":40}},"156":{"start":{"line":157,"column":0},"end":{"line":157,"column":33}},"157":{"start":{"line":158,"column":0},"end":{"line":158,"column":35}},"158":{"start":{"line":159,"column":0},"end":{"line":159,"column":34}},"159":{"start":{"line":160,"column":0},"end":{"line":160,"column":34}},"160":{"start":{"line":161,"column":0},"end":{"line":161,"column":31}},"161":{"start":{"line":162,"column":0},"end":{"line":162,"column":35}},"162":{"start":{"line":163,"column":0},"end":{"line":163,"column":29}},"163":{"start":{"line":164,"column":0},"end":{"line":164,"column":3}},"164":{"start":{"line":165,"column":0},"end":{"line":165,"column":1}},"166":{"start":{"line":167,"column":0},"end":{"line":167,"column":52}},"167":{"start":{"line":168,"column":0},"end":{"line":168,"column":36}},"168":{"start":{"line":169,"column":0},"end":{"line":169,"column":43}},"171":{"start":{"line":172,"column":0},"end":{"line":172,"column":49}},"174":{"start":{"line":175,"column":0},"end":{"line":175,"column":13}},"175":{"start":{"line":176,"column":0},"end":{"line":176,"column":40}},"176":{"start":{"line":177,"column":0},"end":{"line":177,"column":26}},"177":{"start":{"line":178,"column":0},"end":{"line":178,"column":19}},"178":{"start":{"line":179,"column":0},"end":{"line":179,"column":1}},"180":{"start":{"line":181,"column":0},"end":{"line":181,"column":65}},"181":{"start":{"line":182,"column":0},"end":{"line":182,"column":42}},"183":{"start":{"line":184,"column":0},"end":{"line":184,"column":38}},"184":{"start":{"line":185,"column":0},"end":{"line":185,"column":32}},"185":{"start":{"line":186,"column":0},"end":{"line":186,"column":35}},"186":{"start":{"line":187,"column":0},"end":{"line":187,"column":27}},"187":{"start":{"line":188,"column":0},"end":{"line":188,"column":5}},"190":{"start":{"line":191,"column":0},"end":{"line":191,"column":24}},"191":{"start":{"line":192,"column":0},"end":{"line":192,"column":26}},"193":{"start":{"line":194,"column":0},"end":{"line":194,"column":27}},"194":{"start":{"line":195,"column":0},"end":{"line":195,"column":36}},"195":{"start":{"line":196,"column":0},"end":{"line":196,"column":70}},"196":{"start":{"line":197,"column":0},"end":{"line":197,"column":44}},"197":{"start":{"line":198,"column":0},"end":{"line":198,"column":18}},"198":{"start":{"line":199,"column":0},"end":{"line":199,"column":37}},"199":{"start":{"line":200,"column":0},"end":{"line":200,"column":5}},"200":{"start":{"line":201,"column":0},"end":{"line":201,"column":3}},"202":{"start":{"line":203,"column":0},"end":{"line":203,"column":45}},"204":{"start":{"line":205,"column":0},"end":{"line":205,"column":40}},"206":{"start":{"line":207,"column":0},"end":{"line":207,"column":54}},"207":{"start":{"line":208,"column":0},"end":{"line":208,"column":51}},"208":{"start":{"line":209,"column":0},"end":{"line":209,"column":1}},"210":{"start":{"line":211,"column":0},"end":{"line":211,"column":60}},"211":{"start":{"line":212,"column":0},"end":{"line":212,"column":44}},"212":{"start":{"line":213,"column":0},"end":{"line":213,"column":46}},"213":{"start":{"line":214,"column":0},"end":{"line":214,"column":1}}},"s":{"0":1,"5":1,"6":7,"7":7,"8":7,"9":7,"10":7,"11":7,"14":7,"15":7,"16":2,"17":2,"18":2,"21":5,"22":5,"23":5,"26":0,"27":0,"28":0,"30":0,"31":0,"32":0,"35":0,"36":0,"37":0,"38":0,"41":0,"42":0,"44":7,"45":7,"46":7,"48":3,"49":1,"50":1,"51":1,"54":3,"55":4,"56":4,"57":4,"58":4,"59":4,"60":4,"61":4,"62":4,"63":4,"65":4,"66":16,"67":16,"68":16,"69":2,"70":1,"71":5,"73":5,"74":5,"76":5,"77":5,"78":5,"79":5,"80":5,"81":5,"82":5,"83":5,"85":5,"86":5,"87":1,"88":5,"89":1,"90":5,"91":0,"92":5,"93":3,"94":5,"95":5,"97":0,"98":0,"99":0,"100":0,"103":0,"104":0,"105":0,"106":0,"108":0,"109":0,"111":0,"112":0,"113":0,"114":0,"116":0,"117":0,"118":0,"119":0,"121":0,"122":0,"123":0,"124":0,"126":0,"127":0,"129":0,"130":0,"131":0,"132":0,"133":0,"136":0,"137":0,"139":0,"140":0,"141":0,"142":0,"143":0,"144":0,"145":0,"147":0,"148":0,"150":7,"151":7,"152":7,"153":7,"154":7,"155":7,"156":7,"157":7,"158":7,"159":7,"160":7,"161":7,"162":7,"163":7,"164":7,"166":5,"167":5,"168":5,"171":5,"174":5,"175":5,"176":5,"177":5,"178":5,"180":0,"181":0,"183":0,"184":0,"185":0,"186":0,"187":0,"190":0,"191":0,"193":0,"194":0,"195":0,"196":0,"197":0,"198":0,"199":0,"200":0,"202":0,"204":0,"206":0,"207":0,"208":0,"210":7,"211":7,"212":1,"213":1},"branchMap":{"0":{"type":"branch","line":6,"loc":{"start":{"line":6,"column":7},"end":{"line":43,"column":1}},"locations":[{"start":{"line":6,"column":7},"end":{"line":43,"column":1}}]},"1":{"type":"branch","line":16,"loc":{"start":{"line":16,"column":20},"end":{"line":19,"column":3}},"locations":[{"start":{"line":16,"column":20},"end":{"line":19,"column":3}}]},"2":{"type":"branch","line":19,"loc":{"start":{"line":19,"column":2},"end":{"line":24,"column":3}},"locations":[{"start":{"line":19,"column":2},"end":{"line":24,"column":3}}]},"3":{"type":"branch","line":24,"loc":{"start":{"line":24,"column":2},"end":{"line":43,"column":1}},"locations":[{"start":{"line":24,"column":2},"end":{"line":43,"column":1}}]},"4":{"type":"branch","line":12,"loc":{"start":{"line":12,"column":36},"end":{"line":12,"column":49}},"locations":[{"start":{"line":12,"column":36},"end":{"line":12,"column":49}}]},"5":{"type":"branch","line":45,"loc":{"start":{"line":45,"column":0},"end":{"line":75,"column":1}},"locations":[{"start":{"line":45,"column":0},"end":{"line":75,"column":1}}]},"6":{"type":"branch","line":47,"loc":{"start":{"line":47,"column":35},"end":{"line":71,"column":5}},"locations":[{"start":{"line":47,"column":35},"end":{"line":71,"column":5}}]},"7":{"type":"branch","line":49,"loc":{"start":{"line":49,"column":23},"end":{"line":52,"column":7}},"locations":[{"start":{"line":49,"column":23},"end":{"line":52,"column":7}}]},"8":{"type":"branch","line":51,"loc":{"start":{"line":51,"column":23},"end":{"line":51,"column":43}},"locations":[{"start":{"line":51,"column":23},"end":{"line":51,"column":43}}]},"9":{"type":"branch","line":55,"loc":{"start":{"line":55,"column":42},"end":{"line":70,"column":7}},"locations":[{"start":{"line":55,"column":42},"end":{"line":70,"column":7}}]},"10":{"type":"branch","line":66,"loc":{"start":{"line":66,"column":40},"end":{"line":69,"column":9}},"locations":[{"start":{"line":66,"column":40},"end":{"line":69,"column":9}}]},"11":{"type":"branch","line":68,"loc":{"start":{"line":68,"column":21},"end":{"line":68,"column":37}},"locations":[{"start":{"line":68,"column":21},"end":{"line":68,"column":37}}]},"12":{"type":"branch","line":69,"loc":{"start":{"line":69,"column":8},"end":{"line":70,"column":7}},"locations":[{"start":{"line":69,"column":8},"end":{"line":70,"column":7}}]},"13":{"type":"branch","line":70,"loc":{"start":{"line":70,"column":6},"end":{"line":71,"column":5}},"locations":[{"start":{"line":70,"column":6},"end":{"line":71,"column":5}}]},"14":{"type":"branch","line":71,"loc":{"start":{"line":71,"column":4},"end":{"line":75,"column":1}},"locations":[{"start":{"line":71,"column":4},"end":{"line":75,"column":1}}]},"15":{"type":"branch","line":77,"loc":{"start":{"line":77,"column":0},"end":{"line":96,"column":1}},"locations":[{"start":{"line":77,"column":0},"end":{"line":96,"column":1}}]},"16":{"type":"branch","line":87,"loc":{"start":{"line":87,"column":4},"end":{"line":88,"column":31}},"locations":[{"start":{"line":87,"column":4},"end":{"line":88,"column":31}}]},"17":{"type":"branch","line":89,"loc":{"start":{"line":89,"column":4},"end":{"line":90,"column":34}},"locations":[{"start":{"line":89,"column":4},"end":{"line":90,"column":34}}]},"18":{"type":"branch","line":91,"loc":{"start":{"line":91,"column":4},"end":{"line":92,"column":90}},"locations":[{"start":{"line":91,"column":4},"end":{"line":92,"column":90}}]},"19":{"type":"branch","line":93,"loc":{"start":{"line":93,"column":4},"end":{"line":94,"column":35}},"locations":[{"start":{"line":93,"column":4},"end":{"line":94,"column":35}}]},"20":{"type":"branch","line":151,"loc":{"start":{"line":151,"column":0},"end":{"line":165,"column":1}},"locations":[{"start":{"line":151,"column":0},"end":{"line":165,"column":1}}]},"21":{"type":"branch","line":153,"loc":{"start":{"line":153,"column":4},"end":{"line":153,"column":30}},"locations":[{"start":{"line":153,"column":4},"end":{"line":153,"column":30}}]},"22":{"type":"branch","line":154,"loc":{"start":{"line":154,"column":4},"end":{"line":154,"column":29}},"locations":[{"start":{"line":154,"column":4},"end":{"line":154,"column":29}}]},"23":{"type":"branch","line":155,"loc":{"start":{"line":155,"column":4},"end":{"line":155,"column":39}},"locations":[{"start":{"line":155,"column":4},"end":{"line":155,"column":39}}]},"24":{"type":"branch","line":156,"loc":{"start":{"line":156,"column":4},"end":{"line":156,"column":40}},"locations":[{"start":{"line":156,"column":4},"end":{"line":156,"column":40}}]},"25":{"type":"branch","line":157,"loc":{"start":{"line":157,"column":4},"end":{"line":157,"column":33}},"locations":[{"start":{"line":157,"column":4},"end":{"line":157,"column":33}}]},"26":{"type":"branch","line":158,"loc":{"start":{"line":158,"column":4},"end":{"line":158,"column":35}},"locations":[{"start":{"line":158,"column":4},"end":{"line":158,"column":35}}]},"27":{"type":"branch","line":159,"loc":{"start":{"line":159,"column":4},"end":{"line":159,"column":34}},"locations":[{"start":{"line":159,"column":4},"end":{"line":159,"column":34}}]},"28":{"type":"branch","line":160,"loc":{"start":{"line":160,"column":4},"end":{"line":160,"column":34}},"locations":[{"start":{"line":160,"column":4},"end":{"line":160,"column":34}}]},"29":{"type":"branch","line":161,"loc":{"start":{"line":161,"column":4},"end":{"line":161,"column":31}},"locations":[{"start":{"line":161,"column":4},"end":{"line":161,"column":31}}]},"30":{"type":"branch","line":162,"loc":{"start":{"line":162,"column":4},"end":{"line":162,"column":35}},"locations":[{"start":{"line":162,"column":4},"end":{"line":162,"column":35}}]},"31":{"type":"branch","line":163,"loc":{"start":{"line":163,"column":4},"end":{"line":163,"column":29}},"locations":[{"start":{"line":163,"column":4},"end":{"line":163,"column":29}}]},"32":{"type":"branch","line":167,"loc":{"start":{"line":167,"column":0},"end":{"line":179,"column":1}},"locations":[{"start":{"line":167,"column":0},"end":{"line":179,"column":1}}]},"33":{"type":"branch","line":211,"loc":{"start":{"line":211,"column":0},"end":{"line":214,"column":1}},"locations":[{"start":{"line":211,"column":0},"end":{"line":214,"column":1}}]},"34":{"type":"branch","line":212,"loc":{"start":{"line":212,"column":32},"end":{"line":212,"column":44}},"locations":[{"start":{"line":212,"column":32},"end":{"line":212,"column":44}}]},"35":{"type":"branch","line":212,"loc":{"start":{"line":212,"column":39},"end":{"line":214,"column":1}},"locations":[{"start":{"line":212,"column":39},"end":{"line":214,"column":1}}]}},"b":{"0":[7],"1":[2],"2":[5],"3":[0],"4":[7],"5":[7],"6":[3],"7":[1],"8":[0],"9":[4],"10":[16],"11":[2],"12":[2],"13":[1],"14":[5],"15":[5],"16":[1],"17":[1],"18":[0],"19":[3],"20":[7],"21":[4],"22":[1],"23":[0],"24":[0],"25":[0],"26":[0],"27":[0],"28":[0],"29":[0],"30":[0],"31":[2],"32":[5],"33":[7],"34":[6],"35":[1]},"fnMap":{"0":{"name":"generateSubject","decl":{"start":{"line":6,"column":7},"end":{"line":43,"column":1}},"loc":{"start":{"line":6,"column":7},"end":{"line":43,"column":1}},"line":6},"1":{"name":"extractChangedFunctionName","decl":{"start":{"line":45,"column":0},"end":{"line":75,"column":1}},"loc":{"start":{"line":45,"column":0},"end":{"line":75,"column":1}},"line":45},"2":{"name":"describeFileChange","decl":{"start":{"line":77,"column":0},"end":{"line":96,"column":1}},"loc":{"start":{"line":77,"column":0},"end":{"line":96,"column":1}},"line":77},"3":{"name":"describeNewFiles","decl":{"start":{"line":98,"column":0},"end":{"line":110,"column":1}},"loc":{"start":{"line":98,"column":0},"end":{"line":110,"column":1}},"line":98},"4":{"name":"describeFileGroup","decl":{"start":{"line":112,"column":0},"end":{"line":128,"column":1}},"loc":{"start":{"line":112,"column":0},"end":{"line":128,"column":1}},"line":112},"5":{"name":"extractActionFromDiff","decl":{"start":{"line":130,"column":0},"end":{"line":149,"column":1}},"loc":{"start":{"line":130,"column":0},"end":{"line":149,"column":1}},"line":130},"6":{"name":"getVerbForType","decl":{"start":{"line":151,"column":0},"end":{"line":165,"column":1}},"loc":{"start":{"line":151,"column":0},"end":{"line":165,"column":1}},"line":151},"7":{"name":"getReadableName","decl":{"start":{"line":167,"column":0},"end":{"line":179,"column":1}},"loc":{"start":{"line":167,"column":0},"end":{"line":179,"column":1}},"line":167},"8":{"name":"getCommonDirectory","decl":{"start":{"line":181,"column":0},"end":{"line":209,"column":1}},"loc":{"start":{"line":181,"column":0},"end":{"line":209,"column":1}},"line":181},"9":{"name":"truncate","decl":{"start":{"line":211,"column":0},"end":{"line":214,"column":1}},"loc":{"start":{"line":211,"column":0},"end":{"line":214,"column":1}},"line":211}},"f":{"0":7,"1":7,"2":5,"3":0,"4":0,"5":0,"6":7,"7":5,"8":0,"9":7}}
,"/Users/fhadziselimovic/Documents/dev/lazycommit/src/analyzer/type-detector.ts": {"path":"/Users/fhadziselimovic/Documents/dev/lazycommit/src/analyzer/type-detector.ts","all":false,"statementMap":{"0":{"start":{"line":1,"column":0},"end":{"line":1,"column":49}},"10":{"start":{"line":11,"column":0},"end":{"line":11,"column":33}},"11":{"start":{"line":12,"column":0},"end":{"line":12,"column":19}},"12":{"start":{"line":13,"column":0},"end":{"line":13,"column":27}},"13":{"start":{"line":14,"column":0},"end":{"line":14,"column":24}},"14":{"start":{"line":15,"column":0},"end":{"line":15,"column":51}},"17":{"start":{"line":18,"column":0},"end":{"line":18,"column":60}},"18":{"start":{"line":19,"column":0},"end":{"line":19,"column":90}},"19":{"start":{"line":20,"column":0},"end":{"line":20,"column":3}},"22":{"start":{"line":23,"column":0},"end":{"line":23,"column":59}},"23":{"start":{"line":24,"column":0},"end":{"line":24,"column":93}},"24":{"start":{"line":25,"column":0},"end":{"line":25,"column":3}},"27":{"start":{"line":28,"column":0},"end":{"line":28,"column":58}},"28":{"start":{"line":29,"column":0},"end":{"line":29,"column":97}},"29":{"start":{"line":30,"column":0},"end":{"line":30,"column":3}},"32":{"start":{"line":33,"column":0},"end":{"line":33,"column":66}},"33":{"start":{"line":34,"column":0},"end":{"line":34,"column":75}},"34":{"start":{"line":35,"column":0},"end":{"line":35,"column":3}},"37":{"start":{"line":38,"column":0},"end":{"line":38,"column":32}},"38":{"start":{"line":39,"column":0},"end":{"line":39,"column":88}},"39":{"start":{"line":40,"column":0},"end":{"line":40,"column":3}},"42":{"start":{"line":43,"column":0},"end":{"line":43,"column":61}},"43":{"start":{"line":44,"column":0},"end":{"line":44,"column":85}},"44":{"start":{"line":45,"column":0},"end":{"line":45,"column":3}},"47":{"start":{"line":48,"column":0},"end":{"line":48,"column":81}},"48":{"start":{"line":49,"column":0},"end":{"line":49,"column":82}},"49":{"start":{"line":50,"column":0},"end":{"line":50,"column":3}},"52":{"start":{"line":53,"column":0},"end":{"line":53,"column":83}},"53":{"start":{"line":54,"column":0},"end":{"line":54,"column":71}},"54":{"start":{"line":55,"column":0},"end":{"line":55,"column":3}},"57":{"start":{"line":58,"column":0},"end":{"line":58,"column":46}},"58":{"start":{"line":59,"column":0},"end":{"line":59,"column":40}},"59":{"start":{"line":60,"column":0},"end":{"line":60,"column":25}},"60":{"start":{"line":61,"column":0},"end":{"line":61,"column":3}},"63":{"start":{"line":64,"column":0},"end":{"line":64,"column":59}},"64":{"start":{"line":65,"column":0},"end":{"line":65,"column":43}},"65":{"start":{"line":66,"column":0},"end":{"line":66,"column":29}},"66":{"start":{"line":67,"column":0},"end":{"line":67,"column":3}},"69":{"start":{"line":70,"column":0},"end":{"line":70,"column":61}},"70":{"start":{"line":71,"column":0},"end":{"line":71,"column":80}},"71":{"start":{"line":72,"column":0},"end":{"line":72,"column":3}},"73":{"start":{"line":74,"column":0},"end":{"line":74,"column":54}},"74":{"start":{"line":75,"column":0},"end":{"line":75,"column":106}},"75":{"start":{"line":76,"column":0},"end":{"line":76,"column":3}},"78":{"start":{"line":79,"column":0},"end":{"line":79,"column":71}},"79":{"start":{"line":80,"column":0},"end":{"line":80,"column":1}},"81":{"start":{"line":82,"column":0},"end":{"line":82,"column":65}},"82":{"start":{"line":83,"column":0},"end":{"line":83,"column":31}},"83":{"start":{"line":84,"column":0},"end":{"line":84,"column":81}},"84":{"start":{"line":85,"column":0},"end":{"line":85,"column":14}},"85":{"start":{"line":86,"column":0},"end":{"line":86,"column":19}},"87":{"start":{"line":88,"column":0},"end":{"line":88,"column":57}},"89":{"start":{"line":90,"column":0},"end":{"line":90,"column":98}},"90":{"start":{"line":91,"column":0},"end":{"line":91,"column":18}},"91":{"start":{"line":92,"column":0},"end":{"line":92,"column":37}},"92":{"start":{"line":93,"column":0},"end":{"line":93,"column":57}},"93":{"start":{"line":94,"column":0},"end":{"line":94,"column":46}},"94":{"start":{"line":95,"column":0},"end":{"line":95,"column":20}},"95":{"start":{"line":96,"column":0},"end":{"line":96,"column":32}},"96":{"start":{"line":97,"column":0},"end":{"line":97,"column":7}},"97":{"start":{"line":98,"column":0},"end":{"line":98,"column":5}},"98":{"start":{"line":99,"column":0},"end":{"line":99,"column":20}},"99":{"start":{"line":100,"column":0},"end":{"line":100,"column":27}},"100":{"start":{"line":101,"column":0},"end":{"line":101,"column":5}},"101":{"start":{"line":102,"column":0},"end":{"line":102,"column":3}},"103":{"start":{"line":104,"column":0},"end":{"line":104,"column":72}},"104":{"start":{"line":105,"column":0},"end":{"line":105,"column":29}},"105":{"start":{"line":106,"column":0},"end":{"line":106,"column":56}},"106":{"start":{"line":107,"column":0},"end":{"line":107,"column":3}},"108":{"start":{"line":109,"column":0},"end":{"line":109,"column":38}},"109":{"start":{"line":110,"column":0},"end":{"line":110,"column":41}},"110":{"start":{"line":111,"column":0},"end":{"line":111,"column":50}},"112":{"start":{"line":113,"column":0},"end":{"line":113,"column":10}},"113":{"start":{"line":114,"column":0},"end":{"line":114,"column":18}},"114":{"start":{"line":115,"column":0},"end":{"line":115,"column":15}},"115":{"start":{"line":116,"column":0},"end":{"line":116,"column":81}},"116":{"start":{"line":117,"column":0},"end":{"line":117,"column":4}},"117":{"start":{"line":118,"column":0},"end":{"line":118,"column":1}},"119":{"start":{"line":120,"column":0},"end":{"line":120,"column":72}},"120":{"start":{"line":121,"column":0},"end":{"line":121,"column":61}},"122":{"start":{"line":123,"column":0},"end":{"line":123,"column":37}},"123":{"start":{"line":124,"column":0},"end":{"line":124,"column":57}},"124":{"start":{"line":125,"column":0},"end":{"line":125,"column":35}},"125":{"start":{"line":126,"column":0},"end":{"line":126,"column":55}},"126":{"start":{"line":127,"column":0},"end":{"line":127,"column":14}},"127":{"start":{"line":128,"column":0},"end":{"line":128,"column":7}},"128":{"start":{"line":129,"column":0},"end":{"line":129,"column":5}},"129":{"start":{"line":130,"column":0},"end":{"line":130,"column":3}},"131":{"start":{"line":132,"column":0},"end":{"line":132,"column":76}},"132":{"start":{"line":133,"column":0},"end":{"line":133,"column":29}},"133":{"start":{"line":134,"column":0},"end":{"line":134,"column":56}},"134":{"start":{"line":135,"column":0},"end":{"line":135,"column":3}},"136":{"start":{"line":137,"column":0},"end":{"line":137,"column":38}},"137":{"start":{"line":138,"column":0},"end":{"line":138,"column":38}},"138":{"start":{"line":139,"column":0},"end":{"line":139,"column":46}},"140":{"start":{"line":141,"column":0},"end":{"line":141,"column":10}},"141":{"start":{"line":142,"column":0},"end":{"line":142,"column":18}},"142":{"start":{"line":143,"column":0},"end":{"line":143,"column":15}},"143":{"start":{"line":144,"column":0},"end":{"line":144,"column":91}},"144":{"start":{"line":145,"column":0},"end":{"line":145,"column":4}},"145":{"start":{"line":146,"column":0},"end":{"line":146,"column":1}},"147":{"start":{"line":148,"column":0},"end":{"line":148,"column":44}},"148":{"start":{"line":149,"column":0},"end":{"line":149,"column":94}},"149":{"start":{"line":150,"column":0},"end":{"line":150,"column":1}},"151":{"start":{"line":152,"column":0},"end":{"line":152,"column":43}},"152":{"start":{"line":153,"column":0},"end":{"line":153,"column":128}},"153":{"start":{"line":154,"column":0},"end":{"line":154,"column":1}},"155":{"start":{"line":156,"column":0},"end":{"line":156,"column":42}},"156":{"start":{"line":157,"column":0},"end":{"line":157,"column":143}},"157":{"start":{"line":158,"column":0},"end":{"line":158,"column":1}},"159":{"start":{"line":160,"column":0},"end":{"line":160,"column":50}},"160":{"start":{"line":161,"column":0},"end":{"line":161,"column":167}},"161":{"start":{"line":162,"column":0},"end":{"line":162,"column":1}},"163":{"start":{"line":164,"column":0},"end":{"line":164,"column":45}},"164":{"start":{"line":165,"column":0},"end":{"line":165,"column":153}},"165":{"start":{"line":166,"column":0},"end":{"line":166,"column":1}},"167":{"start":{"line":168,"column":0},"end":{"line":168,"column":55}},"169":{"start":{"line":170,"column":0},"end":{"line":170,"column":25}},"171":{"start":{"line":172,"column":0},"end":{"line":172,"column":34}},"172":{"start":{"line":173,"column":0},"end":{"line":173,"column":36}},"173":{"start":{"line":174,"column":0},"end":{"line":174,"column":83}},"174":{"start":{"line":175,"column":0},"end":{"line":175,"column":24}},"177":{"start":{"line":178,"column":0},"end":{"line":178,"column":76}},"179":{"start":{"line":180,"column":0},"end":{"line":180,"column":56}},"180":{"start":{"line":181,"column":0},"end":{"line":181,"column":49}},"181":{"start":{"line":182,"column":0},"end":{"line":182,"column":53}},"183":{"start":{"line":184,"column":0},"end":{"line":184,"column":32}},"184":{"start":{"line":185,"column":0},"end":{"line":185,"column":23}},"185":{"start":{"line":186,"column":0},"end":{"line":186,"column":9}},"186":{"start":{"line":187,"column":0},"end":{"line":187,"column":7}},"187":{"start":{"line":188,"column":0},"end":{"line":188,"column":5}},"188":{"start":{"line":189,"column":0},"end":{"line":189,"column":3}},"191":{"start":{"line":192,"column":0},"end":{"line":192,"column":20}},"192":{"start":{"line":193,"column":0},"end":{"line":193,"column":1}}},"s":{"0":1,"10":1,"11":9,"12":9,"13":9,"14":9,"17":9,"18":1,"19":1,"22":9,"23":1,"24":1,"27":9,"28":1,"29":1,"32":9,"33":1,"34":1,"37":9,"38":0,"39":0,"42":9,"43":0,"44":0,"47":9,"48":2,"49":2,"52":9,"53":0,"54":0,"57":3,"58":9,"59":2,"60":2,"63":1,"64":9,"65":0,"66":0,"69":9,"70":0,"71":0,"73":9,"74":0,"75":0,"78":1,"79":1,"81":3,"82":3,"83":3,"84":3,"85":3,"87":3,"89":3,"90":33,"91":33,"92":237,"93":237,"94":237,"95":7,"96":7,"97":237,"98":33,"99":3,"100":3,"101":33,"103":3,"104":3,"105":1,"106":1,"108":2,"109":2,"110":2,"112":2,"113":2,"114":2,"115":2,"116":2,"117":2,"119":1,"120":1,"122":1,"123":1,"124":19,"125":0,"126":0,"127":0,"128":19,"129":1,"131":1,"132":1,"133":1,"134":1,"136":0,"137":0,"138":0,"140":0,"141":0,"142":0,"143":0,"144":0,"145":0,"147":9,"148":9,"149":9,"151":8,"152":8,"153":8,"155":7,"156":7,"157":7,"159":7,"160":7,"161":7,"163":5,"164":5,"165":5,"167":5,"169":5,"171":5,"172":5,"173":3,"174":3,"177":3,"179":0,"180":0,"181":0,"183":0,"184":0,"185":0,"186":0,"187":0,"188":2,"191":2,"192":2},"branchMap":{"0":{"type":"branch","line":11,"loc":{"start":{"line":11,"column":7},"end":{"line":80,"column":1}},"locations":[{"start":{"line":11,"column":7},"end":{"line":80,"column":1}}]},"1":{"type":"branch","line":18,"loc":{"start":{"line":18,"column":59},"end":{"line":20,"column":3}},"locations":[{"start":{"line":18,"column":59},"end":{"line":20,"column":3}}]},"2":{"type":"branch","line":20,"loc":{"start":{"line":20,"column":2},"end":{"line":23,"column":58}},"locations":[{"start":{"line":20,"column":2},"end":{"line":23,"column":58}}]},"3":{"type":"branch","line":23,"loc":{"start":{"line":23,"column":58},"end":{"line":25,"column":3}},"locations":[{"start":{"line":23,"column":58},"end":{"line":25,"column":3}}]},"4":{"type":"branch","line":25,"loc":{"start":{"line":25,"column":2},"end":{"line":28,"column":57}},"locations":[{"start":{"line":25,"column":2},"end":{"line":28,"column":57}}]},"5":{"type":"branch","line":28,"loc":{"start":{"line":28,"column":57},"end":{"line":30,"column":3}},"locations":[{"start":{"line":28,"column":57},"end":{"line":30,"column":3}}]},"6":{"type":"branch","line":30,"loc":{"start":{"line":30,"column":2},"end":{"line":33,"column":65}},"locations":[{"start":{"line":30,"column":2},"end":{"line":33,"column":65}}]},"7":{"type":"branch","line":33,"loc":{"start":{"line":33,"column":65},"end":{"line":35,"column":3}},"locations":[{"start":{"line":33,"column":65},"end":{"line":35,"column":3}}]},"8":{"type":"branch","line":35,"loc":{"start":{"line":35,"column":2},"end":{"line":38,"column":31}},"locations":[{"start":{"line":35,"column":2},"end":{"line":38,"column":31}}]},"9":{"type":"branch","line":38,"loc":{"start":{"line":38,"column":31},"end":{"line":40,"column":3}},"locations":[{"start":{"line":38,"column":31},"end":{"line":40,"column":3}}]},"10":{"type":"branch","line":40,"loc":{"start":{"line":40,"column":2},"end":{"line":43,"column":60}},"locations":[{"start":{"line":40,"column":2},"end":{"line":43,"column":60}}]},"11":{"type":"branch","line":43,"loc":{"start":{"line":43,"column":60},"end":{"line":45,"column":3}},"locations":[{"start":{"line":43,"column":60},"end":{"line":45,"column":3}}]},"12":{"type":"branch","line":45,"loc":{"start":{"line":45,"column":2},"end":{"line":48,"column":80}},"locations":[{"start":{"line":45,"column":2},"end":{"line":48,"column":80}}]},"13":{"type":"branch","line":48,"loc":{"start":{"line":48,"column":80},"end":{"line":50,"column":3}},"locations":[{"start":{"line":48,"column":80},"end":{"line":50,"column":3}}]},"14":{"type":"branch","line":50,"loc":{"start":{"line":50,"column":2},"end":{"line":53,"column":82}},"locations":[{"start":{"line":50,"column":2},"end":{"line":53,"column":82}}]},"15":{"type":"branch","line":53,"loc":{"start":{"line":53,"column":82},"end":{"line":55,"column":3}},"locations":[{"start":{"line":53,"column":82},"end":{"line":55,"column":3}}]},"16":{"type":"branch","line":55,"loc":{"start":{"line":55,"column":2},"end":{"line":59,"column":39}},"locations":[{"start":{"line":55,"column":2},"end":{"line":59,"column":39}}]},"17":{"type":"branch","line":59,"loc":{"start":{"line":59,"column":39},"end":{"line":61,"column":3}},"locations":[{"start":{"line":59,"column":39},"end":{"line":61,"column":3}}]},"18":{"type":"branch","line":61,"loc":{"start":{"line":61,"column":2},"end":{"line":65,"column":42}},"locations":[{"start":{"line":61,"column":2},"end":{"line":65,"column":42}}]},"19":{"type":"branch","line":65,"loc":{"start":{"line":65,"column":42},"end":{"line":67,"column":3}},"locations":[{"start":{"line":65,"column":42},"end":{"line":67,"column":3}}]},"20":{"type":"branch","line":67,"loc":{"start":{"line":67,"column":2},"end":{"line":70,"column":33}},"locations":[{"start":{"line":67,"column":2},"end":{"line":70,"column":33}}]},"21":{"type":"branch","line":70,"loc":{"start":{"line":70,"column":28},"end":{"line":70,"column":60}},"locations":[{"start":{"line":70,"column":28},"end":{"line":70,"column":60}}]},"22":{"type":"branch","line":70,"loc":{"start":{"line":70,"column":60},"end":{"line":72,"column":3}},"locations":[{"start":{"line":70,"column":60},"end":{"line":72,"column":3}}]},"23":{"type":"branch","line":72,"loc":{"start":{"line":72,"column":2},"end":{"line":74,"column":53}},"locations":[{"start":{"line":72,"column":2},"end":{"line":74,"column":53}}]},"24":{"type":"branch","line":74,"loc":{"start":{"line":74,"column":53},"end":{"line":76,"column":3}},"locations":[{"start":{"line":74,"column":53},"end":{"line":76,"column":3}}]},"25":{"type":"branch","line":76,"loc":{"start":{"line":76,"column":2},"end":{"line":80,"column":1}},"locations":[{"start":{"line":76,"column":2},"end":{"line":80,"column":1}}]},"26":{"type":"branch","line":15,"loc":{"start":{"line":15,"column":36},"end":{"line":15,"column":49}},"locations":[{"start":{"line":15,"column":36},"end":{"line":15,"column":49}}]},"27":{"type":"branch","line":48,"loc":{"start":{"line":48,"column":50},"end":{"line":48,"column":77}},"locations":[{"start":{"line":48,"column":50},"end":{"line":48,"column":77}}]},"28":{"type":"branch","line":53,"loc":{"start":{"line":53,"column":50},"end":{"line":53,"column":79}},"locations":[{"start":{"line":53,"column":50},"end":{"line":53,"column":79}}]},"29":{"type":"branch","line":82,"loc":{"start":{"line":82,"column":0},"end":{"line":118,"column":1}},"locations":[{"start":{"line":82,"column":0},"end":{"line":118,"column":1}}]},"30":{"type":"branch","line":90,"loc":{"start":{"line":90,"column":97},"end":{"line":102,"column":3}},"locations":[{"start":{"line":90,"column":97},"end":{"line":102,"column":3}}]},"31":{"type":"branch","line":92,"loc":{"start":{"line":92,"column":36},"end":{"line":98,"column":5}},"locations":[{"start":{"line":92,"column":36},"end":{"line":98,"column":5}}]},"32":{"type":"branch","line":95,"loc":{"start":{"line":95,"column":19},"end":{"line":97,"column":7}},"locations":[{"start":{"line":95,"column":19},"end":{"line":97,"column":7}}]},"33":{"type":"branch","line":99,"loc":{"start":{"line":99,"column":19},"end":{"line":101,"column":5}},"locations":[{"start":{"line":99,"column":19},"end":{"line":101,"column":5}}]},"34":{"type":"branch","line":105,"loc":{"start":{"line":105,"column":28},"end":{"line":107,"column":3}},"locations":[{"start":{"line":105,"column":28},"end":{"line":107,"column":3}}]},"35":{"type":"branch","line":107,"loc":{"start":{"line":107,"column":2},"end":{"line":118,"column":1}},"locations":[{"start":{"line":107,"column":2},"end":{"line":118,"column":1}}]},"36":{"type":"branch","line":84,"loc":{"start":{"line":84,"column":13},"end":{"line":84,"column":80}},"locations":[{"start":{"line":84,"column":13},"end":{"line":84,"column":80}}]},"37":{"type":"branch","line":84,"loc":{"start":{"line":84,"column":36},"end":{"line":84,"column":79}},"locations":[{"start":{"line":84,"column":36},"end":{"line":84,"column":79}}]},"38":{"type":"branch","line":109,"loc":{"start":{"line":109,"column
[...]
umn":0},"end":{"line":43,"column":56}},"43":{"start":{"line":44,"column":0},"end":{"line":44,"column":31}},"44":{"start":{"line":45,"column":0},"end":{"line":45,"column":25}},"45":{"start":{"line":46,"column":0},"end":{"line":46,"column":25}},"48":{"start":{"line":49,"column":0},"end":{"line":49,"column":70}},"50":{"start":{"line":51,"column":0},"end":{"line":51,"column":39}},"51":{"start":{"line":52,"column":0},"end":{"line":52,"column":47}},"52":{"start":{"line":53,"column":0},"end":{"line":53,"column":19}},"53":{"start":{"line":54,"column":0},"end":{"line":54,"column":27}},"54":{"start":{"line":55,"column":0},"end":{"line":55,"column":43}},"55":{"start":{"line":56,"column":0},"end":{"line":56,"column":43}},"56":{"start":{"line":57,"column":0},"end":{"line":57,"column":5}},"57":{"start":{"line":58,"column":0},"end":{"line":58,"column":3}},"59":{"start":{"line":60,"column":0},"end":{"line":60,"column":60}},"60":{"start":{"line":61,"column":0},"end":{"line":61,"column":1}},"62":{"start":{"line":63,"column":0},"end":{"line":63,"column":61}},"63":{"start":{"line":64,"column":0},"end":{"line":64,"column":36}},"66":{"start":{"line":67,"column":0},"end":{"line":67,"column":58}},"67":{"start":{"line":68,"column":0},"end":{"line":68,"column":32}},"69":{"start":{"line":70,"column":0},"end":{"line":70,"column":34}},"72":{"start":{"line":73,"column":0},"end":{"line":73,"column":46}},"73":{"start":{"line":74,"column":0},"end":{"line":74,"column":42}},"74":{"start":{"line":75,"column":0},"end":{"line":75,"column":21}},"75":{"start":{"line":76,"column":0},"end":{"line":76,"column":53}},"76":{"start":{"line":77,"column":0},"end":{"line":77,"column":23}},"77":{"start":{"line":78,"column":0},"end":{"line":78,"column":47}},"78":{"start":{"line":79,"column":0},"end":{"line":79,"column":23}},"79":{"start":{"line":80,"column":0},"end":{"line":80,"column":3}},"82":{"start":{"line":83,"column":0},"end":{"line":83,"column":31}},"83":{"start":{"line":84,"column":0},"end":{"line":84,"column":20}},"84":{"start":{"line":85,"column":0},"end":{"line":85,"column":20}},"86":{"start":{"line":87,"column":0},"end":{"line":87,"column":41}},"87":{"start":{"line":88,"column":0},"end":{"line":88,"column":42}},"89":{"start":{"line":90,"column":0},"end":{"line":90,"column":29}},"90":{"start":{"line":91,"column":0},"end":{"line":91,"column":44}},"91":{"start":{"line":92,"column":0},"end":{"line":92,"column":20}},"92":{"start":{"line":93,"column":0},"end":{"line":93,"column":47}},"93":{"start":{"line":94,"column":0},"end":{"line":94,"column":21}},"94":{"start":{"line":95,"column":0},"end":{"line":95,"column":43}},"95":{"start":{"line":96,"column":0},"end":{"line":96,"column":23}},"96":{"start":{"line":97,"column":0},"end":{"line":97,"column":25}},"97":{"start":{"line":98,"column":0},"end":{"line":98,"column":20}},"98":{"start":{"line":99,"column":0},"end":{"line":99,"column":8}},"99":{"start":{"line":100,"column":0},"end":{"line":100,"column":15}},"100":{"start":{"line":101,"column":0},"end":{"line":101,"column":5}},"102":{"start":{"line":103,"column":0},"end":{"line":103,"column":31}},"104":{"start":{"line":105,"column":0},"end":{"line":105,"column":58}},"105":{"start":{"line":106,"column":0},"end":{"line":106,"column":49}},"106":{"start":{"line":107,"column":0},"end":{"line":107,"column":18}},"107":{"start":{"line":108,"column":0},"end":{"line":108,"column":65}},"108":{"start":{"line":109,"column":0},"end":{"line":109,"column":51}},"109":{"start":{"line":110,"column":0},"end":{"line":110,"column":18}},"110":{"start":{"line":111,"column":0},"end":{"line":111,"column":38}},"111":{"start":{"line":112,"column":0},"end":{"line":112,"column":46}},"112":{"start":{"line":113,"column":0},"end":{"line":113,"column":5}},"113":{"start":{"line":114,"column":0},"end":{"line":114,"column":3}},"115":{"start":{"line":116,"column":0},"end":{"line":116,"column":43}},"117":{"start":{"line":118,"column":0},"end":{"line":118,"column":59}},"118":{"start":{"line":119,"column":0},"end":{"line":119,"column":1}}},"s":{"0":1,"24":1,"25":0,"26":0,"27":0,"28":0,"29":0,"30":0,"31":0,"32":0,"33":0,"35":0,"36":0,"37":0,"39":0,"40":0,"42":1,"43":5,"44":5,"45":5,"48":5,"50":5,"51":4,"52":4,"53":4,"54":4,"55":4,"56":4,"57":4,"59":5,"60":5,"62":4,"63":4,"66":4,"67":4,"69":4,"72":4,"73":4,"74":1,"75":4,"76":0,"77":3,"78":0,"79":0,"82":4,"83":4,"84":4,"86":4,"87":4,"89":4,"90":104,"91":104,"92":4,"93":4,"94":4,"95":4,"96":4,"97":4,"98":4,"99":4,"100":4,"102":100,"104":104,"105":58,"106":58,"107":104,"108":16,"109":16,"110":25,"111":5,"112":5,"113":104,"115":4,"117":4,"118":4},"branchMap":{"0":{"type":"branch","line":43,"loc":{"start":{"line":43,"column":7},"end":{"line":61,"column":1}},"locations":[{"start":{"line":43,"column":7},"end":{"line":61,"column":1}}]},"1":{"type":"branch","line":51,"loc":{"start":{"line":51,"column":38},"end":{"line":58,"column":3}},"locations":[{"start":{"line":51,"column":38},"end":{"line":58,"column":3}}]},"2":{"type":"branch","line":63,"loc":{"start":{"line":63,"column":0},"end":{"line":119,"column":1}},"locations":[{"start":{"line":63,"column":0},"end":{"line":119,"column":1}}]},"3":{"type":"branch","line":68,"loc":{"start":{"line":68,"column":20},"end":{"line":68,"column":32}},"locations":[{"start":{"line":68,"column":20},"end":{"line":68,"column":32}}]},"4":{"type":"branch","line":74,"loc":{"start":{"line":74,"column":41},"end":{"line":76,"column":13}},"locations":[{"start":{"line":74,"column":41},"end":{"line":76,"column":13}}]},"5":{"type":"branch","line":76,"loc":{"start":{"line":76,"column":2},"end":{"line":80,"column":3}},"locations":[{"start":{"line":76,"column":2},"end":{"line":80,"column":3}}]},"6":{"type":"branch","line":76,"loc":{"start":{"line":76,"column":52},"end":{"line":78,"column":13}},"locations":[{"start":{"line":76,"column":52},"end":{"line":78,"column":13}}]},"7":{"type":"branch","line":78,"loc":{"start":{"line":78,"column":46},"end":{"line":80,"column":3}},"locations":[{"start":{"line":78,"column":46},"end":{"line":80,"column":3}}]},"8":{"type":"branch","line":90,"loc":{"start":{"line":90,"column":28},"end":{"line":114,"column":3}},"locations":[{"start":{"line":90,"column":28},"end":{"line":114,"column":3}}]},"9":{"type":"branch","line":92,"loc":{"start":{"line":92,"column":19},"end":{"line":101,"column":5}},"locations":[{"start":{"line":92,"column":19},"end":{"line":101,"column":5}}]},"10":{"type":"branch","line":93,"loc":{"start":{"line":93,"column":23},"end":{"line":93,"column":47}},"locations":[{"start":{"line":93,"column":23},"end":{"line":93,"column":47}}]},"11":{"type":"branch","line":95,"loc":{"start":{"line":95,"column":35},"end":{"line":95,"column":43}},"locations":[{"start":{"line":95,"column":35},"end":{"line":95,"column":43}}]},"12":{"type":"branch","line":101,"loc":{"start":{"line":101,"column":4},"end":{"line":103,"column":31}},"locations":[{"start":{"line":101,"column":4},"end":{"line":103,"column":31}}]},"13":{"type":"branch","line":103,"loc":{"start":{"line":103,"column":22},"end":{"line":103,"column":31}},"locations":[{"start":{"line":103,"column":22},"end":{"line":103,"column":31}}]},"14":{"type":"branch","line":103,"loc":{"start":{"line":103,"column":22},"end":{"line":105,"column":32}},"locations":[{"start":{"line":103,"column":22},"end":{"line":105,"column":32}}]},"15":{"type":"branch","line":105,"loc":{"start":{"line":105,"column":27},"end":{"line":105,"column":57}},"locations":[{"start":{"line":105,"column":27},"end":{"line":105,"column":57}}]},"16":{"type":"branch","line":105,"loc":{"start":{"line":105,"column":57},"end":{"line":108,"column":15}},"locations":[{"start":{"line":105,"column":57},"end":{"line":108,"column":15}}]},"17":{"type":"branch","line":108,"loc":{"start":{"line":108,"column":4},"end":{"line":113,"column":5}},"locations":[{"start":{"line":108,"column":4},"end":{"line":113,"column":5}}]},"18":{"type":"branch","line":108,"loc":{"start":{"line":108,"column":34},"end":{"line":108,"column":64}},"locations":[{"start":{"line":108,"column":34},"end":{"line":108,"column":64}}]},"19":{"type":"branch","line":108,"loc":{"start":{"line":108,"column":64},"end":{"line":111,"column":15}},"locations":[{"start":{"line":108,"column":64},"end":{"line":111,"column":15}}]},"20":{"type":"branch","line":111,"loc":{"start":{"line":111,"column":4},"end":{"line":113,"column":5}},"locations":[{"start":{"line":111,"column":4},"end":{"line":113,"column":5}}]},"21":{"type":"branch","line":111,"loc":{"start":{"line":111,"column":37},"end":{"line":113,"column":5}},"locations":[{"start":{"line":111,"column":37},"end":{"line":113,"column":5}}]}},"b":{"0":[5],"1":[4],"2":[4],"3":[0],"4":[1],"5":[3],"6":[0],"7":[0],"8":[104],"9":[4],"10":[0],"11":[2],"12":[100],"13":[17],"14":[83],"15":[58],"16":[58],"17":[25],"18":[16],"19":[16],"20":[9],"21":[5]},"fnMap":{"0":{"name":"getStagedDiff","decl":{"start":{"line":25,"column":7},"end":{"line":41,"column":1}},"loc":{"start":{"line":25,"column":7},"end":{"line":41,"column":1}},"line":25},"1":{"name":"parseDiff","decl":{"start":{"line":43,"column":7},"end":{"line":61,"column":1}},"loc":{"start":{"line":43,"column":7},"end":{"line":61,"column":1}},"line":43},"2":{"name":"parseFileSection","decl":{"start":{"line":63,"column":0},"end":{"line":119,"column":1}},"loc":{"start":{"line":63,"column":0},"end":{"line":119,"column":1}},"line":63}},"f":{"0":0,"1":5,"2":4}}
,"/Users/fhadziselimovic/Documents/dev/lazycommit/src/git/files.ts": {"path":"/Users/fhadziselimovic/Documents/dev/lazycommit/src/git/files.ts","all":false,"statementMap":{"0":{"start":{"line":1,"column":0},"end":{"line":1,"column":46}},"8":{"start":{"line":9,"column":0},"end":{"line":9,"column":48}},"9":{"start":{"line":10,"column":0},"end":{"line":10,"column":21}},"10":{"start":{"line":11,"column":0},"end":{"line":11,"column":7}},"11":{"start":{"line":12,"column":0},"end":{"line":12,"column":49}},"12":{"start":{"line":13,"column":0},"end":{"line":13,"column":24}},"13":{"start":{"line":14,"column":0},"end":{"line":14,"column":7}},"14":{"start":{"line":15,"column":0},"end":{"line":15,"column":11}},"15":{"start":{"line":16,"column":0},"end":{"line":16,"column":14}},"16":{"start":{"line":17,"column":0},"end":{"line":17,"column":3}},"18":{"start":{"line":19,"column":0},"end":{"line":19,"column":33}},"20":{"start":{"line":21,"column":0},"end":{"line":21,"column":58}},"23":{"start":{"line":24,"column":0},"end":{"line":24,"column":34}},"24":{"start":{"line":25,"column":0},"end":{"line":25,"column":42}},"27":{"start":{"line":28,"column":0},"end":{"line":28,"column":65}},"29":{"start":{"line":30,"column":0},"end":{"line":30,"column":37}},"30":{"start":{"line":31,"column":0},"end":{"line":31,"column":36}},"32":{"start":{"line":33,"column":0},"end":{"line":33,"column":28}},"33":{"start":{"line":34,"column":0},"end":{"line":34,"column":15}},"34":{"start":{"line":35,"column":0},"end":{"line":35,"column":25}},"35":{"start":{"line":36,"column":0},"end":{"line":36,"column":14}},"36":{"start":{"line":37,"column":0},"end":{"line":37,"column":15}},"37":{"start":{"line":38,"column":0},"end":{"line":38,"column":28}},"38":{"start":{"line":39,"column":0},"end":{"line":39,"column":14}},"39":{"start":{"line":40,"column":0},"end":{"line":40,"column":15}},"40":{"start":{"line":41,"column":0},"end":{"line":41,"column":27}},"41":{"start":{"line":42,"column":0},"end":{"line":42,"column":14}},"42":{"start":{"line":43,"column":0},"end":{"line":43,"column":17}},"43":{"start":{"line":44,"column":0},"end":{"line":44,"column":27}},"44":{"start":{"line":45,"column":0},"end":{"line":45,"column":45}},"45":{"start":{"line":46,"column":0},"end":{"line":46,"column":27}},"46":{"start":{"line":47,"column":0},"end":{"line":47,"column":14}},"47":{"start":{"line":48,"column":0},"end":{"line":48,"column":7}},"48":{"start":{"line":49,"column":0},"end":{"line":49,"column":15}},"49":{"start":{"line":50,"column":0},"end":{"line":50,"column":26}},"50":{"start":{"line":51,"column":0},"end":{"line":51,"column":14}},"51":{"start":{"line":52,"column":0},"end":{"line":52,"column":14}},"52":{"start":{"line":53,"column":0},"end":{"line":53,"column":28}},"53":{"start":{"line":54,"column":0},"end":{"line":54,"column":5}},"55":{"start":{"line":56,"column":0},"end":{"line":56,"column":16}},"56":{"start":{"line":57,"column":0},"end":{"line":57,"column":77}},"57":{"start":{"line":58,"column":0},"end":{"line":58,"column":13}},"58":{"start":{"line":59,"column":0},"end":{"line":59,"column":34}},"59":{"start":{"line":60,"column":0},"end":{"line":60,"column":7}},"60":{"start":{"line":61,"column":0},"end":{"line":61,"column":3}},"62":{"start":{"line":63,"column":0},"end":{"line":63,"column":15}},"63":{"start":{"line":64,"column":0},"end":{"line":64,"column":1}},"65":{"start":{"line":66,"column":0},"end":{"line":66,"column":45}},"66":{"start":{"line":67,"column":0},"end":{"line":67,"column":7}},"67":{"start":{"line":68,"column":0},"end":{"line":68,"column":62}},"68":{"start":{"line":69,"column":0},"end":{"line":69,"column":24}},"69":{"start":{"line":70,"column":0},"end":{"line":70,"column":7}},"70":{"start":{"line":71,"column":0},"end":{"line":71,"column":36}},"71":{"start":{"line":72,"column":0},"end":{"line":72,"column":11}},"72":{"start":{"line":73,"column":0},"end":{"line":73,"column":17}},"73":{"start":{"line":74,"column":0},"end":{"line":74,"column":3}},"74":{"start":{"line":75,"column":0},"end":{"line":75,"column":1}},"76":{"start":{"line":77,"column":0},"end":{"line":77,"column":38}},"77":{"start":{"line":78,"column":0},"end":{"line":78,"column":7}},"78":{"start":{"line":79,"column":0},"end":{"line":79,"column":53}},"79":{"start":{"line":80,"column":0},"end":{"line":80,"column":24}},"80":{"start":{"line":81,"column":0},"end":{"line":81,"column":20}},"81":{"start":{"line":82,"column":0},"end":{"line":82,"column":7}},"82":{"start":{"line":83,"column":0},"end":{"line":83,"column":16}},"83":{"start":{"line":84,"column":0},"end":{"line":84,"column":11}},"84":{"start":{"line":85,"column":0},"end":{"line":85,"column":17}},"85":{"start":{"line":86,"column":0},"end":{"line":86,"column":3}},"86":{"start":{"line":87,"column":0},"end":{"line":87,"column":1}},"88":{"start":{"line":89,"column":0},"end":{"line":89,"column":44}},"89":{"start":{"line":90,"column":0},"end":{"line":90,"column":7}},"90":{"start":{"line":91,"column":0},"end":{"line":91,"column":50}},"91":{"start":{"line":92,"column":0},"end":{"line":92,"column":24}},"92":{"start":{"line":93,"column":0},"end":{"line":93,"column":14}},"93":{"start":{"line":94,"column":0},"end":{"line":94,"column":11}},"94":{"start":{"line":95,"column":0},"end":{"line":95,"column":21}},"95":{"start":{"line":96,"column":0},"end":{"line":96,"column":3}},"96":{"start":{"line":97,"column":0},"end":{"line":97,"column":1}}},"s":{"0":1,"8":1,"9":10,"10":10,"11":10,"12":10,"13":10,"14":10,"15":1,"16":1,"18":9,"20":10,"23":10,"24":10,"27":10,"29":8,"30":8,"32":8,"33":10,"34":2,"35":2,"36":10,"37":2,"38":2,"39":10,"40":2,"41":2,"42":10,"43":1,"44":1,"45":1,"46":1,"47":1,"48":10,"49":1,"50":1,"51":10,"52":0,"53":10,"55":8,"56":10,"57":10,"58":10,"59":10,"60":10,"62":9,"63":9,"65":1,"66":3,"67":3,"68":3,"69":3,"70":3,"71":3,"72":1,"73":1,"74":3,"76":1,"77":2,"78":2,"79":2,"80":2,"81":2,"82":2,"83":2,"84":1,"85":1,"86":2,"88":1,"89":0,"90":0,"91":0,"92":0,"93":0,"94":0,"95":0,"96":0},"branchMap":{"0":{"type":"branch","line":9,"loc":{"start":{"line":9,"column":7},"end":{"line":64,"column":1}},"locations":[{"start":{"line":9,"column":7},"end":{"line":64,"column":1}}]},"1":{"type":"branch","line":15,"loc":{"start":{"line":15,"column":2},"end":{"line":17,"column":3}},"locations":[{"start":{"line":15,"column":2},"end":{"line":17,"column":3}}]},"2":{"type":"branch","line":17,"loc":{"start":{"line":17,"column":2},"end":{"line":21,"column":57}},"locations":[{"start":{"line":17,"column":2},"end":{"line":21,"column":57}}]},"3":{"type":"branch","line":28,"loc":{"start":{"line":28,"column":26},"end":{"line":28,"column":56}},"locations":[{"start":{"line":28,"column":26},"end":{"line":28,"column":56}}]},"4":{"type":"branch","line":28,"loc":{"start":{"line":28,"column":56},"end":{"line":28,"column":65}},"locations":[{"start":{"line":28,"column":56},"end":{"line":28,"column":65}}]},"5":{"type":"branch","line":28,"loc":{"start":{"line":28,"column":56},"end":{"line":33,"column":28}},"locations":[{"start":{"line":28,"column":56},"end":{"line":33,"column":28}}]},"6":{"type":"branch","line":34,"loc":{"start":{"line":34,"column":6},"end":{"line":36,"column":14}},"locations":[{"start":{"line":34,"column":6},"end":{"line":36,"column":14}}]},"7":{"type":"branch","line":37,"loc":{"start":{"line":37,"column":6},"end":{"line":39,"column":14}},"locations":[{"start":{"line":37,"column":6},"end":{"line":39,"column":14}}]},"8":{"type":"branch","line":40,"loc":{"start":{"line":40,"column":6},"end":{"line":42,"column":14}},"locations":[{"start":{"line":40,"column":6},"end":{"line":42,"column":14}}]},"9":{"type":"branch","line":43,"loc":{"start":{"line":43,"column":6},"end":{"line":48,"column":7}},"locations":[{"start":{"line":43,"column":6},"end":{"line":48,"column":7}}]},"10":{"type":"branch","line":49,"loc":{"start":{"line":49,"column":6},"end":{"line":51,"column":14}},"locations":[{"start":{"line":49,"column":6},"end":{"line":51,"column":14}}]},"11":{"type":"branch","line":52,"loc":{"start":{"line":52,"column":6},"end":{"line":53,"column":28}},"locations":[{"start":{"line":52,"column":6},"end":{"line":53,"column":28}}]},"12":{"type":"branch","line":54,"loc":{"start":{"line":54,"column":4},"end":{"line":57,"column":40}},"locations":[{"start":{"line":54,"column":4},"end":{"line":57,"column":40}}]},"13":{"type":"branch","line":57,"loc":{"start":{"line":57,"column":36},"end":{"line":57,"column":68}},"locations":[{"start":{"line":57,"column":36},"end":{"line":57,"column":68}}]},"14":{"type":"branch","line":57,"loc":{"start":{"line":57,"column":64},"end":{"line":57,"column":77}},"locations":[{"start":{"line":57,"column":64},"end":{"line":57,"column":77}}]},"15":{"type":"branch","line":59,"loc":{"start":{"line":59,"column":10},"end":{"line":59,"column":34}},"locations":[{"start":{"line":59,"column":10},"end":{"line":59,"column":34}}]},"16":{"type":"branch","line":61,"loc":{"start":{"line":61,"column":2},"end":{"line":64,"column":1}},"locations":[{"start":{"line":61,"column":2},"end":{"line":64,"column":1}}]},"17":{"type":"branch","line":66,"loc":{"start":{"line":66,"column":7},"end":{"line":75,"column":1}},"locations":[{"start":{"line":66,"column":7},"end":{"line":75,"column":1}}]},"18":{"type":"branch","line":72,"loc":{"start":{"line":72,"column":2},"end":{"line":74,"column":3}},"locations":[{"start":{"line":72,"column":2},"end":{"line":74,"column":3}}]},"19":{"type":"branch","line":77,"loc":{"start":{"line":77,"column":7},"end":{"line":87,"column":1}},"locations":[{"start":{"line":77,"column":7},"end":{"line":87,"column":1}}]},"20":{"type":"branch","line":84,"loc":{"start":{"line":84,"column":2},"end":{"line":86,"column":3}},"locations":[{"start":{"line":84,"column":2},"end":{"line":86,"column":3}}]}},"b":{"0":[10],"1":[1],"2":[9],"3":[9],"4":[2],"5":[8],"6":[2],"7":[2],"8":[2],"9":[1],"10":[1],"11":[0],"12":[8],"13":[1],"14":[7],"15":[1],"16":[9],"17":[3],"18":[1],"19":[2],"20":[1]},"fnMap":{"0":{"name":"getStagedFiles","decl":{"start":{"line":9,"column":7},"end":{"line":64,"column":1}},"loc":{"start":{"line":9,"column":7},"end":{"line":64,"column":1}},"line":9},"1":{"name":"hasStagedChanges","decl":{"start":{"line":66,"column":7},"end":{"line":75,"column":1}},"loc":{"start":{"line":66,"column":7},"end":{"line":75,"column":1}},"line":66},"2":{"name":"isGitRepo","decl":{"start":{"line":77,"column":7},"end":{"line":87,"column":1}},"loc":{"start":{"line":77,"column":7},"end":{"line":87,"column":1}},"line":77},"3":{"name":"getCurrentBranch","decl":{"start":{"line":89,"column":7},"end":{"line":97,"column":1}},"loc":{"start":{"line":89,"column":7},"end":{"line":97,"column":1}},"line":89}},"f":{"0":10,"1":3,"2":2,"3":0}}
}
